This file contains any messages produced by compilers while
running configure, to aid debugging if configure makes a mistake.

It was created by Haskell network package configure 3.1.2.9, which was
generated by GNU Autoconf 2.69.  Invocation command line was

  $ /C/Users/luism/OneDrive/Documentos/GitHub/TLC_Packages/src/main/Haskell/dist-newstyle/tmp/src-8256/network-3.1.2.9/configure --with-compiler=ghc --prefix=C:\cabal\store\ghc-9.2.5\network-3.1.2.9-70bb9a4424d3661ff77c4c04080ec87c8d7ac4cc --bindir=C:\cabal\store\ghc-9.2.5\network-3.1.2.9-70bb9a4424d3661ff77c4c04080ec87c8d7ac4cc\bin --libdir=C:\cabal\store\ghc-9.2.5\network-3.1.2.9-70bb9a4424d3661ff77c4c04080ec87c8d7ac4cc\lib --libexecdir=C:\cabal\store\ghc-9.2.5\network-3.1.2.9-70bb9a4424d3661ff77c4c04080ec87c8d7ac4cc\libexec --datadir=C:\cabal\store\ghc-9.2.5\network-3.1.2.9-70bb9a4424d3661ff77c4c04080ec87c8d7ac4cc\share --sysconfdir=C:\cabal\store\ghc-9.2.5\network-3.1.2.9-70bb9a4424d3661ff77c4c04080ec87c8d7ac4cc\etc CC=C:\ghcup\ghc\9247AD~1.5\lib\../mingw/bin\gcc.exe

## --------- ##
## Platform. ##
## --------- ##

hostname = LuismiLaptop
uname -m = x86_64
uname -r = 3.4.6.x86_64
uname -s = MSYS_NT-10.0-22621
uname -v = 2023-02-15 18:03 UTC

/usr/bin/uname -p = unknown
/bin/uname -X     = unknown

/bin/arch              = x86_64
/usr/bin/arch -k       = unknown
/usr/convex/getsysinfo = unknown
/usr/bin/hostinfo      = unknown
/bin/machine           = unknown
/usr/bin/oslevel       = unknown
/bin/universe          = unknown

PATH: /c/ghcup/bin
PATH: /c/cabal/bin
PATH: /mingw64/bin
PATH: /usr/bin
PATH: /c/cabal/store/ghc-9.2.5/hsc2hs-0.68.9-ff9017040fa3b169b353e186e1d68cf7dc25a667/bin
PATH: /c/Users/luism/anaconda3
PATH: /c/Users/luism/anaconda3/Library/mingw-w64/bin
PATH: /c/Users/luism/anaconda3/Library/usr/bin
PATH: /c/Users/luism/anaconda3/Library/bin
PATH: /c/Users/luism/anaconda3/Scripts
PATH: /c/Users/luism/anaconda3/bin
PATH: /c/Users/luism/anaconda3/condabin
PATH: /c/Program Files/Eclipse Adoptium/jdk-17.0.5.8-hotspot/bin
PATH: /c/Windows/system32
PATH: /c/Windows
PATH: /c/Windows/System32/Wbem
PATH: /c/Windows/System32/WindowsPowerShell/v1.0
PATH: /c/Windows/System32/OpenSSH
PATH: /c/Program Files (x86)/NVIDIA Corporation/PhysX/Common
PATH: /c/Program Files/NVIDIA Corporation/NVIDIA NvDLISR
PATH: /c/WINDOWS/system32
PATH: /c/WINDOWS
PATH: /c/WINDOWS/System32/Wbem
PATH: /c/WINDOWS/System32/WindowsPowerShell/v1.0
PATH: /c/WINDOWS/System32/OpenSSH
PATH: /c/Program Files/Git/cmd
PATH: /c/Program Files (x86)/Microsoft SQL Server/160/DTS/Binn
PATH: /c/Program Files/Azure Data Studio/bin
PATH: /c/Program Files/Maven/apache-maven-3.9.1/bin
PATH: /c/Program Files/swipl/bin
PATH: /c/Users/luism/AppData/Roaming/local/bin
PATH: /c/Users/luism/anaconda3
PATH: /c/Users/luism/anaconda3/Library/mingw-w64/bin
PATH: /c/Users/luism/anaconda3/Library/usr/bin
PATH: /c/Users/luism/anaconda3/Library/bin
PATH: /c/Users/luism/anaconda3/Scripts
PATH: /c/Users/luism/AppData/Local/Microsoft/WindowsApps
PATH: /c/Users/luism/AppData/Local/Programs/Microsoft VS Code/bin
PATH: /c/ProgramData/luism/GitHubDesktop/bin
PATH: /c/Users/luism/AppData/Local/JetBrains/Toolbox/scripts
PATH: .
PATH: /c/ghcup/bin
PATH: /c/Users/luism/AppData/Local/Programs/Azure Data Studio/bin
PATH: /c/Program Files/Azure Data Studio/bin


## ----------- ##
## Core tests. ##
## ----------- ##

configure:2355: checking build system type
configure:2369: result: x86_64-pc-msys
configure:2389: checking host system type
configure:2402: result: x86_64-pc-msys
configure:2477: checking for gcc
configure:2504: result: C:\ghcup\ghc\9247AD~1.5\lib\../mingw/bin\gcc.exe
configure:2733: checking for C compiler version
configure:2742: C:\ghcup\ghc\9247AD~1.5\lib\../mingw/bin\gcc.exe --version >&5
realgcc.exe (Rev3, Built by MSYS2 project) 10.2.0
Copyright (C) 2020 Free Software Foundation, Inc.
This is free software; see the source for copying conditions.  There is NO
warranty; not even for MERCHANTABILITY or FITNESS FOR A PARTICULAR PURPOSE.

configure:2753: $? = 0
configure:2742: C:\ghcup\ghc\9247AD~1.5\lib\../mingw/bin\gcc.exe -v >&5
Using built-in specs.
COLLECT_GCC=C:\\ghcup\\ghc\\9247AD~1.5\\mingw\\bin/realgcc.exe
COLLECT_LTO_WRAPPER=C://ghcup//ghc//9247AD~1.5//mingw//bin/../lib/gcc/x86_64-w64-mingw32/10.2.0/lto-wrapper.exe
Target: x86_64-w64-mingw32
Configured with: ../gcc-10.2.0/configure --prefix=/mingw64 --with-local-prefix=/mingw64/local --build=x86_64-w64-mingw32 --host=x86_64-w64-mingw32 --target=x86_64-w64-mingw32 --with-native-system-header-dir=/mingw64/x86_64-w64-mingw32/include --libexecdir=/mingw64/lib --enable-bootstrap --with-arch=x86-64 --with-tune=generic --enable-languages=c,lto,c++,fortran,ada,objc,obj-c++ --enable-shared --enable-static --enable-libatomic --enable-threads=posix --enable-graphite --enable-fully-dynamic-string --enable-libstdcxx-filesystem-ts=yes --enable-libstdcxx-time=yes --disable-libstdcxx-pch --disable-libstdcxx-debug --disable-isl-version-check --enable-lto --enable-libgomp --disable-multilib --enable-checking=release --disable-rpath --disable-win32-registry --disable-nls --disable-werror --disable-symvers --disable-plugin --with-libiconv --with-system-zlib --with-gmp=/mingw64 --with-mpfr=/mingw64 --with-mpc=/mingw64 --with-isl=/mingw64 --with-pkgversion='Rev3, Built by MSYS2 project' --with-bugurl=https://github.com/msys2/MINGW-packages/issues --with-gnu-as --with-gnu-ld --with-boot-ldflags='-pipe -Wl,--dynamicbase,--high-entropy-va,--nxcompat -Wl,--disable-dynamicbase,--default-image-base-low -static-libstdc++ -static-libgcc' 'LDFLAGS_FOR_TARGET=-pipe -Wl,--dynamicbase,--high-entropy-va,--nxcompat' --enable-linker-plugin-flags='LDFLAGS=-static-libstdc++\ -static-libgcc\ -pipe\ -Wl,--dynamicbase,--high-entropy-va,--nxcompat\ -Wl,--stack,12582912'
Thread model: posix
Supported LTO compression algorithms: zlib zstd
gcc version 10.2.0 (Rev3, Built by MSYS2 project) 
configure:2753: $? = 0
configure:2742: C:\ghcup\ghc\9247AD~1.5\lib\../mingw/bin\gcc.exe -V >&5
realgcc.exe: error: unrecognized command-line option '-V'
realgcc.exe: fatal error: no input files
compilation terminated.
configure:2753: $? = 1
configure:2742: C:\ghcup\ghc\9247AD~1.5\lib\../mingw/bin\gcc.exe -qversion >&5
realgcc.exe: error: unrecognized command-line option '-qversion'; did you mean '--version'?
realgcc.exe: fatal error: no input files
compilation terminated.
configure:2753: $? = 1
configure:2773: checking whether the C compiler works
configure:2795: C:\ghcup\ghc\9247AD~1.5\lib\../mingw/bin\gcc.exe    conftest.c  >&5
configure:2799: $? = 0
configure:2847: result: yes
configure:2850: checking for C compiler default output file name
configure:2852: result: a.exe
configure:2858: checking for suffix of executables
configure:2865: C:\ghcup\ghc\9247AD~1.5\lib\../mingw/bin\gcc.exe -o conftest.exe    conftest.c  >&5
configure:2869: $? = 0
configure:2891: result: .exe
configure:2913: checking whether we are cross compiling
configure:2921: C:\ghcup\ghc\9247AD~1.5\lib\../mingw/bin\gcc.exe -o conftest.exe    conftest.c  >&5
configure:2925: $? = 0
configure:2932: ./conftest.exe
configure:2936: $? = 0
configure:2951: result: no
configure:2956: checking for suffix of object files
configure:2978: C:\ghcup\ghc\9247AD~1.5\lib\../mingw/bin\gcc.exe -c   conftest.c >&5
configure:2982: $? = 0
configure:3003: result: o
configure:3007: checking whether we are using the GNU C compiler
configure:3026: C:\ghcup\ghc\9247AD~1.5\lib\../mingw/bin\gcc.exe -c   conftest.c >&5
configure:3026: $? = 0
configure:3035: result: yes
configure:3044: checking whether C:\ghcup\ghc\9247AD~1.5\lib\../mingw/bin\gcc.exe accepts -g
configure:3064: C:\ghcup\ghc\9247AD~1.5\lib\../mingw/bin\gcc.exe -c -g  conftest.c >&5
configure:3064: $? = 0
configure:3105: result: yes
configure:3122: checking for C:\ghcup\ghc\9247AD~1.5\lib\../mingw/bin\gcc.exe option to accept ISO C89
configure:3185: C:\ghcup\ghc\9247AD~1.5\lib\../mingw/bin\gcc.exe  -c   conftest.c >&5
configure:3185: $? = 0
configure:3198: result: none needed
configure:3220: checking for an ANSI C-conforming const
configure:3286: C:\ghcup\ghc\9247AD~1.5\lib\../mingw/bin\gcc.exe -c   conftest.c >&5
configure:3286: $? = 0
configure:3293: result: yes
configure:3307: checking how to run the C preprocessor
configure:3338: C:\ghcup\ghc\9247AD~1.5\lib\../mingw/bin\gcc.exe -E  conftest.c
configure:3338: $? = 0
configure:3352: C:\ghcup\ghc\9247AD~1.5\lib\../mingw/bin\gcc.exe -E  conftest.c
conftest.c:9:10: fatal error: ac_nonexistent.h: No such file or directory
    9 | #include <ac_nonexistent.h>
      |          ^~~~~~~~~~~~~~~~~~
compilation terminated.
configure:3352: $? = 1
configure: failed program was:
| /* confdefs.h */
| #define PACKAGE_NAME "Haskell network package"
| #define PACKAGE_TARNAME "network"
| #define PACKAGE_VERSION "3.1.2.9"
| #define PACKAGE_STRING "Haskell network package 3.1.2.9"
| #define PACKAGE_BUGREPORT "libraries@haskell.org"
| #define PACKAGE_URL ""
| /* end confdefs.h.  */
| #include <ac_nonexistent.h>
configure:3377: result: C:\ghcup\ghc\9247AD~1.5\lib\../mingw/bin\gcc.exe -E
configure:3397: C:\ghcup\ghc\9247AD~1.5\lib\../mingw/bin\gcc.exe -E  conftest.c
configure:3397: $? = 0
configure:3411: C:\ghcup\ghc\9247AD~1.5\lib\../mingw/bin\gcc.exe -E  conftest.c
conftest.c:9:10: fatal error: ac_nonexistent.h: No such file or directory
    9 | #include <ac_nonexistent.h>
      |          ^~~~~~~~~~~~~~~~~~
compilation terminated.
configure:3411: $? = 1
configure: failed program was:
| /* confdefs.h */
| #define PACKAGE_NAME "Haskell network package"
| #define PACKAGE_TARNAME "network"
| #define PACKAGE_VERSION "3.1.2.9"
| #define PACKAGE_STRING "Haskell network package 3.1.2.9"
| #define PACKAGE_BUGREPORT "libraries@haskell.org"
| #define PACKAGE_URL ""
| /* end confdefs.h.  */
| #include <ac_nonexistent.h>
configure:3440: checking for grep that handles long lines and -e
configure:3498: result: /usr/bin/grep
configure:3503: checking for egrep
configure:3565: result: /usr/bin/grep -E
configure:3570: checking for ANSI C header files
configure:3590: C:\ghcup\ghc\9247AD~1.5\lib\../mingw/bin\gcc.exe -c   conftest.c >&5
configure:3590: $? = 0
configure:3663: C:\ghcup\ghc\9247AD~1.5\lib\../mingw/bin\gcc.exe -o conftest.exe    conftest.c  >&5
configure:3663: $? = 0
configure:3663: ./conftest.exe
configure:3663: $? = 0
configure:3674: result: yes
configure:3687: checking for sys/types.h
configure:3687: C:\ghcup\ghc\9247AD~1.5\lib\../mingw/bin\gcc.exe -c   conftest.c >&5
configure:3687: $? = 0
configure:3687: result: yes
configure:3687: checking for sys/stat.h
configure:3687: C:\ghcup\ghc\9247AD~1.5\lib\../mingw/bin\gcc.exe -c   conftest.c >&5
configure:3687: $? = 0
configure:3687: result: yes
configure:3687: checking for stdlib.h
configure:3687: C:\ghcup\ghc\9247AD~1.5\lib\../mingw/bin\gcc.exe -c   conftest.c >&5
configure:3687: $? = 0
configure:3687: result: yes
configure:3687: checking for string.h
configure:3687: C:\ghcup\ghc\9247AD~1.5\lib\../mingw/bin\gcc.exe -c   conftest.c >&5
configure:3687: $? = 0
configure:3687: result: yes
configure:3687: checking for memory.h
configure:3687: C:\ghcup\ghc\9247AD~1.5\lib\../mingw/bin\gcc.exe -c   conftest.c >&5
configure:3687: $? = 0
configure:3687: result: yes
configure:3687: checking for strings.h
configure:3687: C:\ghcup\ghc\9247AD~1.5\lib\../mingw/bin\gcc.exe -c   conftest.c >&5
configure:3687: $? = 0
configure:3687: result: yes
configure:3687: checking for inttypes.h
configure:3687: C:\ghcup\ghc\9247AD~1.5\lib\../mingw/bin\gcc.exe -c   conftest.c >&5
configure:3687: $? = 0
configure:3687: result: yes
configure:3687: checking for stdint.h
configure:3687: C:\ghcup\ghc\9247AD~1.5\lib\../mingw/bin\gcc.exe -c   conftest.c >&5
configure:3687: $? = 0
configure:3687: result: yes
configure:3687: checking for unistd.h
configure:3687: C:\ghcup\ghc\9247AD~1.5\lib\../mingw/bin\gcc.exe -c   conftest.c >&5
configure:3687: $? = 0
configure:3687: result: yes
configure:3702: checking limits.h usability
configure:3702: C:\ghcup\ghc\9247AD~1.5\lib\../mingw/bin\gcc.exe -c   conftest.c >&5
configure:3702: $? = 0
configure:3702: result: yes
configure:3702: checking limits.h presence
configure:3702: C:\ghcup\ghc\9247AD~1.5\lib\../mingw/bin\gcc.exe -E  conftest.c
configure:3702: $? = 0
configure:3702: result: yes
configure:3702: checking for limits.h
configure:3702: result: yes
configure:3702: checking for stdlib.h
configure:3702: result: yes
configure:3702: checking for unistd.h
configure:3702: result: yes
configure:3702: checking for sys/types.h
configure:3702: result: yes
configure:3702: checking fcntl.h usability
configure:3702: C:\ghcup\ghc\9247AD~1.5\lib\../mingw/bin\gcc.exe -c   conftest.c >&5
configure:3702: $? = 0
configure:3702: result: yes
configure:3702: checking fcntl.h presence
configure:3702: C:\ghcup\ghc\9247AD~1.5\lib\../mingw/bin\gcc.exe -E  conftest.c
configure:3702: $? = 0
configure:3702: result: yes
configure:3702: checking for fcntl.h
configure:3702: result: yes
configure:3715: checking sys/uio.h usability
configure:3715: C:\ghcup\ghc\9247AD~1.5\lib\../mingw/bin\gcc.exe -c   conftest.c >&5
conftest.c:110:10: fatal error: sys/uio.h: No such file or directory
  110 | #include <sys/uio.h>
      |          ^~~~~~~~~~~
compilation terminated.
configure:3715: $? = 1
configure: failed program was:
| /* confdefs.h */
| #define PACKAGE_NAME "Haskell network package"
| #define PACKAGE_TARNAME "network"
| #define PACKAGE_VERSION "3.1.2.9"
| #define PACKAGE_STRING "Haskell network package 3.1.2.9"
| #define PACKAGE_BUGREPORT "libraries@haskell.org"
| #define PACKAGE_URL ""
| #define STDC_HEADERS 1
| #define HAVE_SYS_TYPES_H 1
| #define HAVE_SYS_STAT_H 1
| #define HAVE_STDLIB_H 1
| #define HAVE_STRING_H 1
| #define HAVE_MEMORY_H 1
| #define HAVE_STRINGS_H 1
| #define HAVE_INTTYPES_H 1
| #define HAVE_STDINT_H 1
| #define HAVE_UNISTD_H 1
| #define HAVE_LIMITS_H 1
| #define HAVE_STDLIB_H 1
| #define HAVE_UNISTD_H 1
| #define HAVE_SYS_TYPES_H 1
| #define HAVE_FCNTL_H 1
| /* end confdefs.h.  */
| #ifndef _WIN32
| # define _GNU_SOURCE 1  /* for struct ucred on Linux */
| #endif
| #include <stdio.h>
| #ifdef HAVE_SYS_TYPES_H
| # include <sys/types.h>
| #endif
| #ifdef HAVE_SYS_STAT_H
| # include <sys/stat.h>
| #endif
| #ifdef STDC_HEADERS
| # include <stdlib.h>
| # include <stddef.h>
| #else
| # ifdef HAVE_STDLIB_H
| #  include <stdlib.h>
| # endif
| #endif
| #ifdef HAVE_STRING_H
| # if !defined STDC_HEADERS && defined HAVE_MEMORY_H
| #  include <memory.h>
| # endif
| # include <string.h>
| #endif
| #ifdef HAVE_STRINGS_H
| # include <strings.h>
| #endif
| #ifdef HAVE_INTTYPES_H
| # include <inttypes.h>
| #endif
| #ifdef HAVE_STDINT_H
| # include <stdint.h>
| #endif
| #ifdef HAVE_UNISTD_H
| # include <unistd.h>
| #endif
| 
| #ifdef _WIN32
| # include <winsock2.h>
| # include <ws2tcpip.h>
| # define IPV6_V6ONLY 27
| #endif
| 
| #ifdef HAVE_LIMITS_H
| # include <limits.h>
| #endif
| #ifdef HAVE_STDLIB_H
| # include <stdlib.h>
| #endif
| #ifdef HAVE_UNISTD_H
| #include <unistd.h>
| #endif
| #ifdef HAVE_SYS_TYPES_H
| # include <sys/types.h>
| #endif
| #ifdef HAVE_FCNTL_H
| # include <fcntl.h>
| #endif
| #ifdef HAVE_SYS_UIO_H
| # include <sys/uio.h>
| #endif
| #ifdef HAVE_SYS_SOCKET_H
| # include <sys/socket.h>
| #endif
| #ifdef HAVE_NETINET_IN_H
| # include <netinet/in.h>
| #endif
| #ifdef HAVE_NETINET_TCP_H
| # include <netinet/tcp.h>
| #endif
| #ifdef HAVE_SYS_UN_H
| # include <sys/un.h>
| #endif
| #ifdef HAVE_ARPA_INET_H
| # include <arpa/inet.h>
| #endif
| #ifdef HAVE_NETDB_H
| #include <netdb.h>
| #endif
| #ifdef HAVE_NET_IF_H
| # include <net/if.h>
| #endif
| #ifdef HAVE_NETIOAPI_H
| # include <netioapi.h>
| #endif
| 
| #include <sys/uio.h>
configure:3715: result: no
configure:3715: checking sys/uio.h presence
configure:3715: C:\ghcup\ghc\9247AD~1.5\lib\../mingw/bin\gcc.exe -E  conftest.c
conftest.c:24:10: fatal error: sys/uio.h: No such file or directory
   24 | #include <sys/uio.h>
      |          ^~~~~~~~~~~
compilation terminated.
configure:3715: $? = 1
configure: failed program was:
| /* confdefs.h */
| #define PACKAGE_NAME "Haskell network package"
| #define PACKAGE_TARNAME "network"
| #define PACKAGE_VERSION "3.1.2.9"
| #define PACKAGE_STRING "Haskell network package 3.1.2.9"
| #define PACKAGE_BUGREPORT "libraries@haskell.org"
| #define PACKAGE_URL ""
| #define STDC_HEADERS 1
| #define HAVE_SYS_TYPES_H 1
| #define HAVE_SYS_STAT_H 1
| #define HAVE_STDLIB_H 1
| #define HAVE_STRING_H 1
| #define HAVE_MEMORY_H 1
| #define HAVE_STRINGS_H 1
| #define HAVE_INTTYPES_H 1
| #define HAVE_STDINT_H 1
| #define HAVE_UNISTD_H 1
| #define HAVE_LIMITS_H 1
| #define HAVE_STDLIB_H 1
| #define HAVE_UNISTD_H 1
| #define HAVE_SYS_TYPES_H 1
| #define HAVE_FCNTL_H 1
| /* end confdefs.h.  */
| #include <sys/uio.h>
configure:3715: result: no
configure:3715: checking for sys/uio.h
configure:3715: result: no
configure:3715: checking sys/socket.h usability
configure:3715: C:\ghcup\ghc\9247AD~1.5\lib\../mingw/bin\gcc.exe -c   conftest.c >&5
conftest.c:110:10: fatal error: sys/socket.h: No such file or directory
  110 | #include <sys/socket.h>
      |          ^~~~~~~~~~~~~~
compilation terminated.
configure:3715: $? = 1
configure: failed program was:
| /* confdefs.h */
| #define PACKAGE_NAME "Haskell network package"
| #define PACKAGE_TARNAME "network"
| #define PACKAGE_VERSION "3.1.2.9"
| #define PACKAGE_STRING "Haskell network package 3.1.2.9"
| #define PACKAGE_BUGREPORT "libraries@haskell.org"
| #define PACKAGE_URL ""
| #define STDC_HEADERS 1
| #define HAVE_SYS_TYPES_H 1
| #define HAVE_SYS_STAT_H 1
| #define HAVE_STDLIB_H 1
| #define HAVE_STRING_H 1
| #define HAVE_MEMORY_H 1
| #define HAVE_STRINGS_H 1
| #define HAVE_INTTYPES_H 1
| #define HAVE_STDINT_H 1
| #define HAVE_UNISTD_H 1
| #define HAVE_LIMITS_H 1
| #define HAVE_STDLIB_H 1
| #define HAVE_UNISTD_H 1
| #define HAVE_SYS_TYPES_H 1
| #define HAVE_FCNTL_H 1
| /* end confdefs.h.  */
| #ifndef _WIN32
| # define _GNU_SOURCE 1  /* for struct ucred on Linux */
| #endif
| #include <stdio.h>
| #ifdef HAVE_SYS_TYPES_H
| # include <sys/types.h>
| #endif
| #ifdef HAVE_SYS_STAT_H
| # include <sys/stat.h>
| #endif
| #ifdef STDC_HEADERS
| # include <stdlib.h>
| # include <stddef.h>
| #else
| # ifdef HAVE_STDLIB_H
| #  include <stdlib.h>
| # endif
| #endif
| #ifdef HAVE_STRING_H
| # if !defined STDC_HEADERS && defined HAVE_MEMORY_H
| #  include <memory.h>
| # endif
| # include <string.h>
| #endif
| #ifdef HAVE_STRINGS_H
| # include <strings.h>
| #endif
| #ifdef HAVE_INTTYPES_H
| # include <inttypes.h>
| #endif
| #ifdef HAVE_STDINT_H
| # include <stdint.h>
| #endif
| #ifdef HAVE_UNISTD_H
| # include <unistd.h>
| #endif
| 
| #ifdef _WIN32
| # include <winsock2.h>
| # include <ws2tcpip.h>
| # define IPV6_V6ONLY 27
| #endif
| 
| #ifdef HAVE_LIMITS_H
| # include <limits.h>
| #endif
| #ifdef HAVE_STDLIB_H
| # include <stdlib.h>
| #endif
| #ifdef HAVE_UNISTD_H
| #include <unistd.h>
| #endif
| #ifdef HAVE_SYS_TYPES_H
| # include <sys/types.h>
| #endif
| #ifdef HAVE_FCNTL_H
| # include <fcntl.h>
| #endif
| #ifdef HAVE_SYS_UIO_H
| # include <sys/uio.h>
| #endif
| #ifdef HAVE_SYS_SOCKET_H
| # include <sys/socket.h>
| #endif
| #ifdef HAVE_NETINET_IN_H
| # include <netinet/in.h>
| #endif
| #ifdef HAVE_NETINET_TCP_H
| # include <netinet/tcp.h>
| #endif
| #ifdef HAVE_SYS_UN_H
| # include <sys/un.h>
| #endif
| #ifdef HAVE_ARPA_INET_H
| # include <arpa/inet.h>
| #endif
| #ifdef HAVE_NETDB_H
| #include <netdb.h>
| #endif
| #ifdef HAVE_NET_IF_H
| # include <net/if.h>
| #endif
| #ifdef HAVE_NETIOAPI_H
| # include <netioapi.h>
| #endif
| 
| #include <sys/socket.h>
configure:3715: result: no
configure:3715: checking sys/socket.h presence
configure:3715: C:\ghcup\ghc\9247AD~1.5\lib\../mingw/bin\gcc.exe -E  conftest.c
conftest.c:24:10: fatal error: sys/socket.h: No such file or directory
   24 | #include <sys/socket.h>
      |          ^~~~~~~~~~~~~~
compilation terminated.
configure:3715: $? = 1
configure: failed program was:
| /* confdefs.h */
| #define PACKAGE_NAME "Haskell network package"
| #define PACKAGE_TARNAME "network"
| #define PACKAGE_VERSION "3.1.2.9"
| #define PACKAGE_STRING "Haskell network package 3.1.2.9"
| #define PACKAGE_BUGREPORT "libraries@haskell.org"
| #define PACKAGE_URL ""
| #define STDC_HEADERS 1
| #define HAVE_SYS_TYPES_H 1
| #define HAVE_SYS_STAT_H 1
| #define HAVE_STDLIB_H 1
| #define HAVE_STRING_H 1
| #define HAVE_MEMORY_H 1
| #define HAVE_STRINGS_H 1
| #define HAVE_INTTYPES_H 1
| #define HAVE_STDINT_H 1
| #define HAVE_UNISTD_H 1
| #define HAVE_LIMITS_H 1
| #define HAVE_STDLIB_H 1
| #define HAVE_UNISTD_H 1
| #define HAVE_SYS_TYPES_H 1
| #define HAVE_FCNTL_H 1
| /* end confdefs.h.  */
| #include <sys/socket.h>
configure:3715: result: no
configure:3715: checking for sys/socket.h
configure:3715: result: no
configure:3715: checking netinet/in.h usability
configure:3715: C:\ghcup\ghc\9247AD~1.5\lib\../mingw/bin\gcc.exe -c   conftest.c >&5
conftest.c:110:10: fatal error: netinet/in.h: No such file or directory
  110 | #include <netinet/in.h>
      |          ^~~~~~~~~~~~~~
compilation terminated.
configure:3715: $? = 1
configure: failed program was:
| /* confdefs.h */
| #define PACKAGE_NAME "Haskell network package"
| #define PACKAGE_TARNAME "network"
| #define PACKAGE_VERSION "3.1.2.9"
| #define PACKAGE_STRING "Haskell network package 3.1.2.9"
| #define PACKAGE_BUGREPORT "libraries@haskell.org"
| #define PACKAGE_URL ""
| #define STDC_HEADERS 1
| #define HAVE_SYS_TYPES_H 1
| #define HAVE_SYS_STAT_H 1
| #define HAVE_STDLIB_H 1
| #define HAVE_STRING_H 1
| #define HAVE_MEMORY_H 1
| #define HAVE_STRINGS_H 1
| #define HAVE_INTTYPES_H 1
| #define HAVE_STDINT_H 1
| #define HAVE_UNISTD_H 1
| #define HAVE_LIMITS_H 1
| #define HAVE_STDLIB_H 1
| #define HAVE_UNISTD_H 1
| #define HAVE_SYS_TYPES_H 1
| #define HAVE_FCNTL_H 1
| /* end confdefs.h.  */
| #ifndef _WIN32
| # define _GNU_SOURCE 1  /* for struct ucred on Linux */
| #endif
| #include <stdio.h>
| #ifdef HAVE_SYS_TYPES_H
| # include <sys/types.h>
| #endif
| #ifdef HAVE_SYS_STAT_H
| # include <sys/stat.h>
| #endif
| #ifdef STDC_HEADERS
| # include <stdlib.h>
| # include <stddef.h>
| #else
| # ifdef HAVE_STDLIB_H
| #  include <stdlib.h>
| # endif
| #endif
| #ifdef HAVE_STRING_H
| # if !defined STDC_HEADERS && defined HAVE_MEMORY_H
| #  include <memory.h>
| # endif
| # include <string.h>
| #endif
| #ifdef HAVE_STRINGS_H
| # include <strings.h>
| #endif
| #ifdef HAVE_INTTYPES_H
| # include <inttypes.h>
| #endif
| #ifdef HAVE_STDINT_H
| # include <stdint.h>
| #endif
| #ifdef HAVE_UNISTD_H
| # include <unistd.h>
| #endif
| 
| #ifdef _WIN32
| # include <winsock2.h>
| # include <ws2tcpip.h>
| # define IPV6_V6ONLY 27
| #endif
| 
| #ifdef HAVE_LIMITS_H
| # include <limits.h>
| #endif
| #ifdef HAVE_STDLIB_H
| # include <stdlib.h>
| #endif
| #ifdef HAVE_UNISTD_H
| #include <unistd.h>
| #endif
| #ifdef HAVE_SYS_TYPES_H
| # include <sys/types.h>
| #endif
| #ifdef HAVE_FCNTL_H
| # include <fcntl.h>
| #endif
| #ifdef HAVE_SYS_UIO_H
| # include <sys/uio.h>
| #endif
| #ifdef HAVE_SYS_SOCKET_H
| # include <sys/socket.h>
| #endif
| #ifdef HAVE_NETINET_IN_H
| # include <netinet/in.h>
| #endif
| #ifdef HAVE_NETINET_TCP_H
| # include <netinet/tcp.h>
| #endif
| #ifdef HAVE_SYS_UN_H
| # include <sys/un.h>
| #endif
| #ifdef HAVE_ARPA_INET_H
| # include <arpa/inet.h>
| #endif
| #ifdef HAVE_NETDB_H
| #include <netdb.h>
| #endif
| #ifdef HAVE_NET_IF_H
| # include <net/if.h>
| #endif
| #ifdef HAVE_NETIOAPI_H
| # include <netioapi.h>
| #endif
| 
| #include <netinet/in.h>
configure:3715: result: no
configure:3715: checking netinet/in.h presence
configure:3715: C:\ghcup\ghc\9247AD~1.5\lib\../mingw/bin\gcc.exe -E  conftest.c
conftest.c:24:10: fatal error: netinet/in.h: No such file or directory
   24 | #include <netinet/in.h>
      |          ^~~~~~~~~~~~~~
compilation terminated.
configure:3715: $? = 1
configure: failed program was:
| /* confdefs.h */
| #define PACKAGE_NAME "Haskell network package"
| #define PACKAGE_TARNAME "network"
| #define PACKAGE_VERSION "3.1.2.9"
| #define PACKAGE_STRING "Haskell network package 3.1.2.9"
| #define PACKAGE_BUGREPORT "libraries@haskell.org"
| #define PACKAGE_URL ""
| #define STDC_HEADERS 1
| #define HAVE_SYS_TYPES_H 1
| #define HAVE_SYS_STAT_H 1
| #define HAVE_STDLIB_H 1
| #define HAVE_STRING_H 1
| #define HAVE_MEMORY_H 1
| #define HAVE_STRINGS_H 1
| #define HAVE_INTTYPES_H 1
| #define HAVE_STDINT_H 1
| #define HAVE_UNISTD_H 1
| #define HAVE_LIMITS_H 1
| #define HAVE_STDLIB_H 1
| #define HAVE_UNISTD_H 1
| #define HAVE_SYS_TYPES_H 1
| #define HAVE_FCNTL_H 1
| /* end confdefs.h.  */
| #include <netinet/in.h>
configure:3715: result: no
configure:3715: checking for netinet/in.h
configure:3715: result: no
configure:3715: checking netinet/tcp.h usability
configure:3715: C:\ghcup\ghc\9247AD~1.5\lib\../mingw/bin\gcc.exe -c   conftest.c >&5
conftest.c:110:10: fatal error: netinet/tcp.h: No such file or directory
  110 | #include <netinet/tcp.h>
      |          ^~~~~~~~~~~~~~~
compilation terminated.
configure:3715: $? = 1
configure: failed program was:
| /* confdefs.h */
| #define PACKAGE_NAME "Haskell network package"
| #define PACKAGE_TARNAME "network"
| #define PACKAGE_VERSION "3.1.2.9"
| #define PACKAGE_STRING "Haskell network package 3.1.2.9"
| #define PACKAGE_BUGREPORT "libraries@haskell.org"
| #define PACKAGE_URL ""
| #define STDC_HEADERS 1
| #define HAVE_SYS_TYPES_H 1
| #define HAVE_SYS_STAT_H 1
| #define HAVE_STDLIB_H 1
| #define HAVE_STRING_H 1
| #define HAVE_MEMORY_H 1
| #define HAVE_STRINGS_H 1
| #define HAVE_INTTYPES_H 1
| #define HAVE_STDINT_H 1
| #define HAVE_UNISTD_H 1
| #define HAVE_LIMITS_H 1
| #define HAVE_STDLIB_H 1
| #define HAVE_UNISTD_H 1
| #define HAVE_SYS_TYPES_H 1
| #define HAVE_FCNTL_H 1
| /* end confdefs.h.  */
| #ifndef _WIN32
| # define _GNU_SOURCE 1  /* for struct ucred on Linux */
| #endif
| #include <stdio.h>
| #ifdef HAVE_SYS_TYPES_H
| # include <sys/types.h>
| #endif
| #ifdef HAVE_SYS_STAT_H
| # include <sys/stat.h>
| #endif
| #ifdef STDC_HEADERS
| # include <stdlib.h>
| # include <stddef.h>
| #else
| # ifdef HAVE_STDLIB_H
| #  include <stdlib.h>
| # endif
| #endif
| #ifdef HAVE_STRING_H
| # if !defined STDC_HEADERS && defined HAVE_MEMORY_H
| #  include <memory.h>
| # endif
| # include <string.h>
| #endif
| #ifdef HAVE_STRINGS_H
| # include <strings.h>
| #endif
| #ifdef HAVE_INTTYPES_H
| # include <inttypes.h>
| #endif
| #ifdef HAVE_STDINT_H
| # include <stdint.h>
| #endif
| #ifdef HAVE_UNISTD_H
| # include <unistd.h>
| #endif
| 
| #ifdef _WIN32
| # include <winsock2.h>
| # include <ws2tcpip.h>
| # define IPV6_V6ONLY 27
| #endif
| 
| #ifdef HAVE_LIMITS_H
| # include <limits.h>
| #endif
| #ifdef HAVE_STDLIB_H
| # include <stdlib.h>
| #endif
| #ifdef HAVE_UNISTD_H
| #include <unistd.h>
| #endif
| #ifdef HAVE_SYS_TYPES_H
| # include <sys/types.h>
| #endif
| #ifdef HAVE_FCNTL_H
| # include <fcntl.h>
| #endif
| #ifdef HAVE_SYS_UIO_H
| # include <sys/uio.h>
| #endif
| #ifdef HAVE_SYS_SOCKET_H
| # include <sys/socket.h>
| #endif
| #ifdef HAVE_NETINET_IN_H
| # include <netinet/in.h>
| #endif
| #ifdef HAVE_NETINET_TCP_H
| # include <netinet/tcp.h>
| #endif
| #ifdef HAVE_SYS_UN_H
| # include <sys/un.h>
| #endif
| #ifdef HAVE_ARPA_INET_H
| # include <arpa/inet.h>
| #endif
| #ifdef HAVE_NETDB_H
| #include <netdb.h>
| #endif
| #ifdef HAVE_NET_IF_H
| # include <net/if.h>
| #endif
| #ifdef HAVE_NETIOAPI_H
| # include <netioapi.h>
| #endif
| 
| #include <netinet/tcp.h>
configure:3715: result: no
configure:3715: checking netinet/tcp.h presence
configure:3715: C:\ghcup\ghc\9247AD~1.5\lib\../mingw/bin\gcc.exe -E  conftest.c
conftest.c:24:10: fatal error: netinet/tcp.h: No such file or directory
   24 | #include <netinet/tcp.h>
      |          ^~~~~~~~~~~~~~~
compilation terminated.
configure:3715: $? = 1
configure: failed program was:
| /* confdefs.h */
| #define PACKAGE_NAME "Haskell network package"
| #define PACKAGE_TARNAME "network"
| #define PACKAGE_VERSION "3.1.2.9"
| #define PACKAGE_STRING "Haskell network package 3.1.2.9"
| #define PACKAGE_BUGREPORT "libraries@haskell.org"
| #define PACKAGE_URL ""
| #define STDC_HEADERS 1
| #define HAVE_SYS_TYPES_H 1
| #define HAVE_SYS_STAT_H 1
| #define HAVE_STDLIB_H 1
| #define HAVE_STRING_H 1
| #define HAVE_MEMORY_H 1
| #define HAVE_STRINGS_H 1
| #define HAVE_INTTYPES_H 1
| #define HAVE_STDINT_H 1
| #define HAVE_UNISTD_H 1
| #define HAVE_LIMITS_H 1
| #define HAVE_STDLIB_H 1
| #define HAVE_UNISTD_H 1
| #define HAVE_SYS_TYPES_H 1
| #define HAVE_FCNTL_H 1
| /* end confdefs.h.  */
| #include <netinet/tcp.h>
configure:3715: result: no
configure:3715: checking for netinet/tcp.h
configure:3715: result: no
configure:3728: checking sys/un.h usability
configure:3728: C:\ghcup\ghc\9247AD~1.5\lib\../mingw/bin\gcc.exe -c   conftest.c >&5
conftest.c:110:10: fatal error: sys/un.h: No such file or directory
  110 | #include <sys/un.h>
      |          ^~~~~~~~~~
compilation terminated.
configure:3728: $? = 1
configure: failed program was:
| /* confdefs.h */
| #define PACKAGE_NAME "Haskell network package"
| #define PACKAGE_TARNAME "network"
| #define PACKAGE_VERSION "3.1.2.9"
| #define PACKAGE_STRING "Haskell network package 3.1.2.9"
| #define PACKAGE_BUGREPORT "libraries@haskell.org"
| #define PACKAGE_URL ""
| #define STDC_HEADERS 1
| #define HAVE_SYS_TYPES_H 1
| #define HAVE_SYS_STAT_H 1
| #define HAVE_STDLIB_H 1
| #define HAVE_STRING_H 1
| #define HAVE_MEMORY_H 1
| #define HAVE_STRINGS_H 1
| #define HAVE_INTTYPES_H 1
| #define HAVE_STDINT_H 1
| #define HAVE_UNISTD_H 1
| #define HAVE_LIMITS_H 1
| #define HAVE_STDLIB_H 1
| #define HAVE_UNISTD_H 1
| #define HAVE_SYS_TYPES_H 1
| #define HAVE_FCNTL_H 1
| /* end confdefs.h.  */
| #ifndef _WIN32
| # define _GNU_SOURCE 1  /* for struct ucred on Linux */
| #endif
| #include <stdio.h>
| #ifdef HAVE_SYS_TYPES_H
| # include <sys/types.h>
| #endif
| #ifdef HAVE_SYS_STAT_H
| # include <sys/stat.h>
| #endif
| #ifdef STDC_HEADERS
| # include <stdlib.h>
| # include <stddef.h>
| #else
| # ifdef HAVE_STDLIB_H
| #  include <stdlib.h>
| # endif
| #endif
| #ifdef HAVE_STRING_H
| # if !defined STDC_HEADERS && defined HAVE_MEMORY_H
| #  include <memory.h>
| # endif
| # include <string.h>
| #endif
| #ifdef HAVE_STRINGS_H
| # include <strings.h>
| #endif
| #ifdef HAVE_INTTYPES_H
| # include <inttypes.h>
| #endif
| #ifdef HAVE_STDINT_H
| # include <stdint.h>
| #endif
| #ifdef HAVE_UNISTD_H
| # include <unistd.h>
| #endif
| 
| #ifdef _WIN32
| # include <winsock2.h>
| # include <ws2tcpip.h>
| # define IPV6_V6ONLY 27
| #endif
| 
| #ifdef HAVE_LIMITS_H
| # include <limits.h>
| #endif
| #ifdef HAVE_STDLIB_H
| # include <stdlib.h>
| #endif
| #ifdef HAVE_UNISTD_H
| #include <unistd.h>
| #endif
| #ifdef HAVE_SYS_TYPES_H
| # include <sys/types.h>
| #endif
| #ifdef HAVE_FCNTL_H
| # include <fcntl.h>
| #endif
| #ifdef HAVE_SYS_UIO_H
| # include <sys/uio.h>
| #endif
| #ifdef HAVE_SYS_SOCKET_H
| # include <sys/socket.h>
| #endif
| #ifdef HAVE_NETINET_IN_H
| # include <netinet/in.h>
| #endif
| #ifdef HAVE_NETINET_TCP_H
| # include <netinet/tcp.h>
| #endif
| #ifdef HAVE_SYS_UN_H
| # include <sys/un.h>
| #endif
| #ifdef HAVE_ARPA_INET_H
| # include <arpa/inet.h>
| #endif
| #ifdef HAVE_NETDB_H
| #include <netdb.h>
| #endif
| #ifdef HAVE_NET_IF_H
| # include <net/if.h>
| #endif
| #ifdef HAVE_NETIOAPI_H
| # include <netioapi.h>
| #endif
| 
| #include <sys/un.h>
configure:3728: result: no
configure:3728: checking sys/un.h presence
configure:3728: C:\ghcup\ghc\9247AD~1.5\lib\../mingw/bin\gcc.exe -E  conftest.c
conftest.c:24:10: fatal error: sys/un.h: No such file or directory
   24 | #include <sys/un.h>
      |          ^~~~~~~~~~
compilation terminated.
configure:3728: $? = 1
configure: failed program was:
| /* confdefs.h */
| #define PACKAGE_NAME "Haskell network package"
| #define PACKAGE_TARNAME "network"
| #define PACKAGE_VERSION "3.1.2.9"
| #define PACKAGE_STRING "Haskell network package 3.1.2.9"
| #define PACKAGE_BUGREPORT "libraries@haskell.org"
| #define PACKAGE_URL ""
| #define STDC_HEADERS 1
| #define HAVE_SYS_TYPES_H 1
| #define HAVE_SYS_STAT_H 1
| #define HAVE_STDLIB_H 1
| #define HAVE_STRING_H 1
| #define HAVE_MEMORY_H 1
| #define HAVE_STRINGS_H 1
| #define HAVE_INTTYPES_H 1
| #define HAVE_STDINT_H 1
| #define HAVE_UNISTD_H 1
| #define HAVE_LIMITS_H 1
| #define HAVE_STDLIB_H 1
| #define HAVE_UNISTD_H 1
| #define HAVE_SYS_TYPES_H 1
| #define HAVE_FCNTL_H 1
| /* end confdefs.h.  */
| #include <sys/un.h>
configure:3728: result: no
configure:3728: checking for sys/un.h
configure:3728: result: no
configure:3728: checking arpa/inet.h usability
configure:3728: C:\ghcup\ghc\9247AD~1.5\lib\../mingw/bin\gcc.exe -c   conftest.c >&5
conftest.c:110:10: fatal error: arpa/inet.h: No such file or directory
  110 | #include <arpa/inet.h>
      |          ^~~~~~~~~~~~~
compilation terminated.
configure:3728: $? = 1
configure: failed program was:
| /* confdefs.h */
| #define PACKAGE_NAME "Haskell network package"
| #define PACKAGE_TARNAME "network"
| #define PACKAGE_VERSION "3.1.2.9"
| #define PACKAGE_STRING "Haskell network package 3.1.2.9"
| #define PACKAGE_BUGREPORT "libraries@haskell.org"
| #define PACKAGE_URL ""
| #define STDC_HEADERS 1
| #define HAVE_SYS_TYPES_H 1
| #define HAVE_SYS_STAT_H 1
| #define HAVE_STDLIB_H 1
| #define HAVE_STRING_H 1
| #define HAVE_MEMORY_H 1
| #define HAVE_STRINGS_H 1
| #define HAVE_INTTYPES_H 1
| #define HAVE_STDINT_H 1
| #define HAVE_UNISTD_H 1
| #define HAVE_LIMITS_H 1
| #define HAVE_STDLIB_H 1
| #define HAVE_UNISTD_H 1
| #define HAVE_SYS_TYPES_H 1
| #define HAVE_FCNTL_H 1
| /* end confdefs.h.  */
| #ifndef _WIN32
| # define _GNU_SOURCE 1  /* for struct ucred on Linux */
| #endif
| #include <stdio.h>
| #ifdef HAVE_SYS_TYPES_H
| # include <sys/types.h>
| #endif
| #ifdef HAVE_SYS_STAT_H
| # include <sys/stat.h>
| #endif
| #ifdef STDC_HEADERS
| # include <stdlib.h>
| # include <stddef.h>
| #else
| # ifdef HAVE_STDLIB_H
| #  include <stdlib.h>
| # endif
| #endif
| #ifdef HAVE_STRING_H
| # if !defined STDC_HEADERS && defined HAVE_MEMORY_H
| #  include <memory.h>
| # endif
| # include <string.h>
| #endif
| #ifdef HAVE_STRINGS_H
| # include <strings.h>
| #endif
| #ifdef HAVE_INTTYPES_H
| # include <inttypes.h>
| #endif
| #ifdef HAVE_STDINT_H
| # include <stdint.h>
| #endif
| #ifdef HAVE_UNISTD_H
| # include <unistd.h>
| #endif
| 
| #ifdef _WIN32
| # include <winsock2.h>
| # include <ws2tcpip.h>
| # define IPV6_V6ONLY 27
| #endif
| 
| #ifdef HAVE_LIMITS_H
| # include <limits.h>
| #endif
| #ifdef HAVE_STDLIB_H
| # include <stdlib.h>
| #endif
| #ifdef HAVE_UNISTD_H
| #include <unistd.h>
| #endif
| #ifdef HAVE_SYS_TYPES_H
| # include <sys/types.h>
| #endif
| #ifdef HAVE_FCNTL_H
| # include <fcntl.h>
| #endif
| #ifdef HAVE_SYS_UIO_H
| # include <sys/uio.h>
| #endif
| #ifdef HAVE_SYS_SOCKET_H
| # include <sys/socket.h>
| #endif
| #ifdef HAVE_NETINET_IN_H
| # include <netinet/in.h>
| #endif
| #ifdef HAVE_NETINET_TCP_H
| # include <netinet/tcp.h>
| #endif
| #ifdef HAVE_SYS_UN_H
| # include <sys/un.h>
| #endif
| #ifdef HAVE_ARPA_INET_H
| # include <arpa/inet.h>
| #endif
| #ifdef HAVE_NETDB_H
| #include <netdb.h>
| #endif
| #ifdef HAVE_NET_IF_H
| # include <net/if.h>
| #endif
| #ifdef HAVE_NETIOAPI_H
| # include <netioapi.h>
| #endif
| 
| #include <arpa/inet.h>
configure:3728: result: no
configure:3728: checking arpa/inet.h presence
configure:3728: C:\ghcup\ghc\9247AD~1.5\lib\../mingw/bin\gcc.exe -E  conftest.c
conftest.c:24:10: fatal error: arpa/inet.h: No such file or directory
   24 | #include <arpa/inet.h>
      |          ^~~~~~~~~~~~~
compilation terminated.
configure:3728: $? = 1
configure: failed program was:
| /* confdefs.h */
| #define PACKAGE_NAME "Haskell network package"
| #define PACKAGE_TARNAME "network"
| #define PACKAGE_VERSION "3.1.2.9"
| #define PACKAGE_STRING "Haskell network package 3.1.2.9"
| #define PACKAGE_BUGREPORT "libraries@haskell.org"
| #define PACKAGE_URL ""
| #define STDC_HEADERS 1
| #define HAVE_SYS_TYPES_H 1
| #define HAVE_SYS_STAT_H 1
| #define HAVE_STDLIB_H 1
| #define HAVE_STRING_H 1
| #define HAVE_MEMORY_H 1
| #define HAVE_STRINGS_H 1
| #define HAVE_INTTYPES_H 1
| #define HAVE_STDINT_H 1
| #define HAVE_UNISTD_H 1
| #define HAVE_LIMITS_H 1
| #define HAVE_STDLIB_H 1
| #define HAVE_UNISTD_H 1
| #define HAVE_SYS_TYPES_H 1
| #define HAVE_FCNTL_H 1
| /* end confdefs.h.  */
| #include <arpa/inet.h>
configure:3728: result: no
configure:3728: checking for arpa/inet.h
configure:3728: result: no
configure:3728: checking netdb.h usability
configure:3728: C:\ghcup\ghc\9247AD~1.5\lib\../mingw/bin\gcc.exe -c   conftest.c >&5
conftest.c:110:10: fatal error: netdb.h: No such file or directory
  110 | #include <netdb.h>
      |          ^~~~~~~~~
compilation terminated.
configure:3728: $? = 1
configure: failed program was:
| /* confdefs.h */
| #define PACKAGE_NAME "Haskell network package"
| #define PACKAGE_TARNAME "network"
| #define PACKAGE_VERSION "3.1.2.9"
| #define PACKAGE_STRING "Haskell network package 3.1.2.9"
| #define PACKAGE_BUGREPORT "libraries@haskell.org"
| #define PACKAGE_URL ""
| #define STDC_HEADERS 1
| #define HAVE_SYS_TYPES_H 1
| #define HAVE_SYS_STAT_H 1
| #define HAVE_STDLIB_H 1
| #define HAVE_STRING_H 1
| #define HAVE_MEMORY_H 1
| #define HAVE_STRINGS_H 1
| #define HAVE_INTTYPES_H 1
| #define HAVE_STDINT_H 1
| #define HAVE_UNISTD_H 1
| #define HAVE_LIMITS_H 1
| #define HAVE_STDLIB_H 1
| #define HAVE_UNISTD_H 1
| #define HAVE_SYS_TYPES_H 1
| #define HAVE_FCNTL_H 1
| /* end confdefs.h.  */
| #ifndef _WIN32
| # define _GNU_SOURCE 1  /* for struct ucred on Linux */
| #endif
| #include <stdio.h>
| #ifdef HAVE_SYS_TYPES_H
| # include <sys/types.h>
| #endif
| #ifdef HAVE_SYS_STAT_H
| # include <sys/stat.h>
| #endif
| #ifdef STDC_HEADERS
| # include <stdlib.h>
| # include <stddef.h>
| #else
| # ifdef HAVE_STDLIB_H
| #  include <stdlib.h>
| # endif
| #endif
| #ifdef HAVE_STRING_H
| # if !defined STDC_HEADERS && defined HAVE_MEMORY_H
| #  include <memory.h>
| # endif
| # include <string.h>
| #endif
| #ifdef HAVE_STRINGS_H
| # include <strings.h>
| #endif
| #ifdef HAVE_INTTYPES_H
| # include <inttypes.h>
| #endif
| #ifdef HAVE_STDINT_H
| # include <stdint.h>
| #endif
| #ifdef HAVE_UNISTD_H
| # include <unistd.h>
| #endif
| 
| #ifdef _WIN32
| # include <winsock2.h>
| # include <ws2tcpip.h>
| # define IPV6_V6ONLY 27
| #endif
| 
| #ifdef HAVE_LIMITS_H
| # include <limits.h>
| #endif
| #ifdef HAVE_STDLIB_H
| # include <stdlib.h>
| #endif
| #ifdef HAVE_UNISTD_H
| #include <unistd.h>
| #endif
| #ifdef HAVE_SYS_TYPES_H
| # include <sys/types.h>
| #endif
| #ifdef HAVE_FCNTL_H
| # include <fcntl.h>
| #endif
| #ifdef HAVE_SYS_UIO_H
| # include <sys/uio.h>
| #endif
| #ifdef HAVE_SYS_SOCKET_H
| # include <sys/socket.h>
| #endif
| #ifdef HAVE_NETINET_IN_H
| # include <netinet/in.h>
| #endif
| #ifdef HAVE_NETINET_TCP_H
| # include <netinet/tcp.h>
| #endif
| #ifdef HAVE_SYS_UN_H
| # include <sys/un.h>
| #endif
| #ifdef HAVE_ARPA_INET_H
| # include <arpa/inet.h>
| #endif
| #ifdef HAVE_NETDB_H
| #include <netdb.h>
| #endif
| #ifdef HAVE_NET_IF_H
| # include <net/if.h>
| #endif
| #ifdef HAVE_NETIOAPI_H
| # include <netioapi.h>
| #endif
| 
| #include <netdb.h>
configure:3728: result: no
configure:3728: checking netdb.h presence
configure:3728: C:\ghcup\ghc\9247AD~1.5\lib\../mingw/bin\gcc.exe -E  conftest.c
conftest.c:24:10: fatal error: netdb.h: No such file or directory
   24 | #include <netdb.h>
      |          ^~~~~~~~~
compilation terminated.
configure:3728: $? = 1
configure: failed program was:
| /* confdefs.h */
| #define PACKAGE_NAME "Haskell network package"
| #define PACKAGE_TARNAME "network"
| #define PACKAGE_VERSION "3.1.2.9"
| #define PACKAGE_STRING "Haskell network package 3.1.2.9"
| #define PACKAGE_BUGREPORT "libraries@haskell.org"
| #define PACKAGE_URL ""
| #define STDC_HEADERS 1
| #define HAVE_SYS_TYPES_H 1
| #define HAVE_SYS_STAT_H 1
| #define HAVE_STDLIB_H 1
| #define HAVE_STRING_H 1
| #define HAVE_MEMORY_H 1
| #define HAVE_STRINGS_H 1
| #define HAVE_INTTYPES_H 1
| #define HAVE_STDINT_H 1
| #define HAVE_UNISTD_H 1
| #define HAVE_LIMITS_H 1
| #define HAVE_STDLIB_H 1
| #define HAVE_UNISTD_H 1
| #define HAVE_SYS_TYPES_H 1
| #define HAVE_FCNTL_H 1
| /* end confdefs.h.  */
| #include <netdb.h>
configure:3728: result: no
configure:3728: checking for netdb.h
configure:3728: result: no
configure:3741: checking net/if.h usability
configure:3741: C:\ghcup\ghc\9247AD~1.5\lib\../mingw/bin\gcc.exe -c   conftest.c >&5
conftest.c:110:10: fatal error: net/if.h: No such file or directory
  110 | #include <net/if.h>
      |          ^~~~~~~~~~
compilation terminated.
configure:3741: $? = 1
configure: failed program was:
| /* confdefs.h */
| #define PACKAGE_NAME "Haskell network package"
| #define PACKAGE_TARNAME "network"
| #define PACKAGE_VERSION "3.1.2.9"
| #define PACKAGE_STRING "Haskell network package 3.1.2.9"
| #define PACKAGE_BUGREPORT "libraries@haskell.org"
| #define PACKAGE_URL ""
| #define STDC_HEADERS 1
| #define HAVE_SYS_TYPES_H 1
| #define HAVE_SYS_STAT_H 1
| #define HAVE_STDLIB_H 1
| #define HAVE_STRING_H 1
| #define HAVE_MEMORY_H 1
| #define HAVE_STRINGS_H 1
| #define HAVE_INTTYPES_H 1
| #define HAVE_STDINT_H 1
| #define HAVE_UNISTD_H 1
| #define HAVE_LIMITS_H 1
| #define HAVE_STDLIB_H 1
| #define HAVE_UNISTD_H 1
| #define HAVE_SYS_TYPES_H 1
| #define HAVE_FCNTL_H 1
| /* end confdefs.h.  */
| #ifndef _WIN32
| # define _GNU_SOURCE 1  /* for struct ucred on Linux */
| #endif
| #include <stdio.h>
| #ifdef HAVE_SYS_TYPES_H
| # include <sys/types.h>
| #endif
| #ifdef HAVE_SYS_STAT_H
| # include <sys/stat.h>
| #endif
| #ifdef STDC_HEADERS
| # include <stdlib.h>
| # include <stddef.h>
| #else
| # ifdef HAVE_STDLIB_H
| #  include <stdlib.h>
| # endif
| #endif
| #ifdef HAVE_STRING_H
| # if !defined STDC_HEADERS && defined HAVE_MEMORY_H
| #  include <memory.h>
| # endif
| # include <string.h>
| #endif
| #ifdef HAVE_STRINGS_H
| # include <strings.h>
| #endif
| #ifdef HAVE_INTTYPES_H
| # include <inttypes.h>
| #endif
| #ifdef HAVE_STDINT_H
| # include <stdint.h>
| #endif
| #ifdef HAVE_UNISTD_H
| # include <unistd.h>
| #endif
| 
| #ifdef _WIN32
| # include <winsock2.h>
| # include <ws2tcpip.h>
| # define IPV6_V6ONLY 27
| #endif
| 
| #ifdef HAVE_LIMITS_H
| # include <limits.h>
| #endif
| #ifdef HAVE_STDLIB_H
| # include <stdlib.h>
| #endif
| #ifdef HAVE_UNISTD_H
| #include <unistd.h>
| #endif
| #ifdef HAVE_SYS_TYPES_H
| # include <sys/types.h>
| #endif
| #ifdef HAVE_FCNTL_H
| # include <fcntl.h>
| #endif
| #ifdef HAVE_SYS_UIO_H
| # include <sys/uio.h>
| #endif
| #ifdef HAVE_SYS_SOCKET_H
| # include <sys/socket.h>
| #endif
| #ifdef HAVE_NETINET_IN_H
| # include <netinet/in.h>
| #endif
| #ifdef HAVE_NETINET_TCP_H
| # include <netinet/tcp.h>
| #endif
| #ifdef HAVE_SYS_UN_H
| # include <sys/un.h>
| #endif
| #ifdef HAVE_ARPA_INET_H
| # include <arpa/inet.h>
| #endif
| #ifdef HAVE_NETDB_H
| #include <netdb.h>
| #endif
| #ifdef HAVE_NET_IF_H
| # include <net/if.h>
| #endif
| #ifdef HAVE_NETIOAPI_H
| # include <netioapi.h>
| #endif
| 
| #include <net/if.h>
configure:3741: result: no
configure:3741: checking net/if.h presence
configure:3741: C:\ghcup\ghc\9247AD~1.5\lib\../mingw/bin\gcc.exe -E  conftest.c
conftest.c:24:10: fatal error: net/if.h: No such file or directory
   24 | #include <net/if.h>
      |          ^~~~~~~~~~
compilation terminated.
configure:3741: $? = 1
configure: failed program was:
| /* confdefs.h */
| #define PACKAGE_NAME "Haskell network package"
| #define PACKAGE_TARNAME "network"
| #define PACKAGE_VERSION "3.1.2.9"
| #define PACKAGE_STRING "Haskell network package 3.1.2.9"
| #define PACKAGE_BUGREPORT "libraries@haskell.org"
| #define PACKAGE_URL ""
| #define STDC_HEADERS 1
| #define HAVE_SYS_TYPES_H 1
| #define HAVE_SYS_STAT_H 1
| #define HAVE_STDLIB_H 1
| #define HAVE_STRING_H 1
| #define HAVE_MEMORY_H 1
| #define HAVE_STRINGS_H 1
| #define HAVE_INTTYPES_H 1
| #define HAVE_STDINT_H 1
| #define HAVE_UNISTD_H 1
| #define HAVE_LIMITS_H 1
| #define HAVE_STDLIB_H 1
| #define HAVE_UNISTD_H 1
| #define HAVE_SYS_TYPES_H 1
| #define HAVE_FCNTL_H 1
| /* end confdefs.h.  */
| #include <net/if.h>
configure:3741: result: no
configure:3741: checking for net/if.h
configure:3741: result: no
configure:3741: checking netioapi.h usability
configure:3741: C:\ghcup\ghc\9247AD~1.5\lib\../mingw/bin\gcc.exe -c   conftest.c >&5
configure:3741: $? = 0
configure:3741: result: yes
configure:3741: checking netioapi.h presence
configure:3741: C:\ghcup\ghc\9247AD~1.5\lib\../mingw/bin\gcc.exe -E  conftest.c
configure:3741: $? = 0
configure:3741: result: yes
configure:3741: checking for netioapi.h
configure:3741: result: yes
configure:3752: checking for struct ucred
configure:3752: C:\ghcup\ghc\9247AD~1.5\lib\../mingw/bin\gcc.exe -c   conftest.c >&5
conftest.c: In function 'main':
conftest.c:114:13: error: invalid application of 'sizeof' to incomplete type 'struct ucred'
  114 | if (sizeof (struct ucred))
      |             ^~~~~~
configure:3752: $? = 1
configure: failed program was:
| /* confdefs.h */
| #define PACKAGE_NAME "Haskell network package"
| #define PACKAGE_TARNAME "network"
| #define PACKAGE_VERSION "3.1.2.9"
| #define PACKAGE_STRING "Haskell network package 3.1.2.9"
| #define PACKAGE_BUGREPORT "libraries@haskell.org"
| #define PACKAGE_URL ""
| #define STDC_HEADERS 1
| #define HAVE_SYS_TYPES_H 1
| #define HAVE_SYS_STAT_H 1
| #define HAVE_STDLIB_H 1
| #define HAVE_STRING_H 1
| #define HAVE_MEMORY_H 1
| #define HAVE_STRINGS_H 1
| #define HAVE_INTTYPES_H 1
| #define HAVE_STDINT_H 1
| #define HAVE_UNISTD_H 1
| #define HAVE_LIMITS_H 1
| #define HAVE_STDLIB_H 1
| #define HAVE_UNISTD_H 1
| #define HAVE_SYS_TYPES_H 1
| #define HAVE_FCNTL_H 1
| #define HAVE_NETIOAPI_H 1
| /* end confdefs.h.  */
| #ifndef _WIN32
| # define _GNU_SOURCE 1  /* for struct ucred on Linux */
| #endif
| #include <stdio.h>
| #ifdef HAVE_SYS_TYPES_H
| # include <sys/types.h>
| #endif
| #ifdef HAVE_SYS_STAT_H
| # include <sys/stat.h>
| #endif
| #ifdef STDC_HEADERS
| # include <stdlib.h>
| # include <stddef.h>
| #else
| # ifdef HAVE_STDLIB_H
| #  include <stdlib.h>
| # endif
| #endif
| #ifdef HAVE_STRING_H
| # if !defined STDC_HEADERS && defined HAVE_MEMORY_H
| #  include <memory.h>
| # endif
| # include <string.h>
| #endif
| #ifdef HAVE_STRINGS_H
| # include <strings.h>
| #endif
| #ifdef HAVE_INTTYPES_H
| # include <inttypes.h>
| #endif
| #ifdef HAVE_STDINT_H
| # include <stdint.h>
| #endif
| #ifdef HAVE_UNISTD_H
| # include <unistd.h>
| #endif
| 
| #ifdef _WIN32
| # include <winsock2.h>
| # include <ws2tcpip.h>
| # define IPV6_V6ONLY 27
| #endif
| 
| #ifdef HAVE_LIMITS_H
| # include <limits.h>
| #endif
| #ifdef HAVE_STDLIB_H
| # include <stdlib.h>
| #endif
| #ifdef HAVE_UNISTD_H
| #include <unistd.h>
| #endif
| #ifdef HAVE_SYS_TYPES_H
| # include <sys/types.h>
| #endif
| #ifdef HAVE_FCNTL_H
| # include <fcntl.h>
| #endif
| #ifdef HAVE_SYS_UIO_H
| # include <sys/uio.h>
| #endif
| #ifdef HAVE_SYS_SOCKET_H
| # include <sys/socket.h>
| #endif
| #ifdef HAVE_NETINET_IN_H
| # include <netinet/in.h>
| #endif
| #ifdef HAVE_NETINET_TCP_H
| # include <netinet/tcp.h>
| #endif
| #ifdef HAVE_SYS_UN_H
| # include <sys/un.h>
| #endif
| #ifdef HAVE_ARPA_INET_H
| # include <arpa/inet.h>
| #endif
| #ifdef HAVE_NETDB_H
| #include <netdb.h>
| #endif
| #ifdef HAVE_NET_IF_H
| # include <net/if.h>
| #endif
| #ifdef HAVE_NETIOAPI_H
| # include <netioapi.h>
| #endif
| 
| int
| main ()
| {
| if (sizeof (struct ucred))
| 	 return 0;
|   ;
|   return 0;
| }
configure:3752: result: no
configure:3766: checking for gai_strerror
configure:3766: C:\ghcup\ghc\9247AD~1.5\lib\../mingw/bin\gcc.exe -o conftest.exe    conftest.c  >&5
C://ghcup//ghc//9247AD~1.5//mingw//bin/ld.exe: C:\Users\luism\AppData\Local\Temp\ccCJtdfh.o:conftest.c:(.text+0xe): undefined reference to `gai_strerror'
collect2.exe: error: ld returned 1 exit status
configure:3766: $? = 1
configure: failed program was:
| /* confdefs.h */
| #define PACKAGE_NAME "Haskell network package"
| #define PACKAGE_TARNAME "network"
| #define PACKAGE_VERSION "3.1.2.9"
| #define PACKAGE_STRING "Haskell network package 3.1.2.9"
| #define PACKAGE_BUGREPORT "libraries@haskell.org"
| #define PACKAGE_URL ""
| #define STDC_HEADERS 1
| #define HAVE_SYS_TYPES_H 1
| #define HAVE_SYS_STAT_H 1
| #define HAVE_STDLIB_H 1
| #define HAVE_STRING_H 1
| #define HAVE_MEMORY_H 1
| #define HAVE_STRINGS_H 1
| #define HAVE_INTTYPES_H 1
| #define HAVE_STDINT_H 1
| #define HAVE_UNISTD_H 1
| #define HAVE_LIMITS_H 1
| #define HAVE_STDLIB_H 1
| #define HAVE_UNISTD_H 1
| #define HAVE_SYS_TYPES_H 1
| #define HAVE_FCNTL_H 1
| #define HAVE_NETIOAPI_H 1
| /* end confdefs.h.  */
| /* Define gai_strerror to an innocuous variant, in case <limits.h> declares gai_strerror.
|    For example, HP-UX 11i <limits.h> declares gettimeofday.  */
| #define gai_strerror innocuous_gai_strerror
| 
| /* System header to define __stub macros and hopefully few prototypes,
|     which can conflict with char gai_strerror (); below.
|     Prefer <limits.h> to <assert.h> if __STDC__ is defined, since
|     <limits.h> exists even on freestanding compilers.  */
| 
| #ifdef __STDC__
| # include <limits.h>
| #else
| # include <assert.h>
| #endif
| 
| #undef gai_strerror
| 
| /* Override any GCC internal prototype to avoid an error.
|    Use char because int might match the return type of a GCC
|    builtin and then its argument prototype would still apply.  */
| #ifdef __cplusplus
| extern "C"
| #endif
| char gai_strerror ();
| /* The GNU C library defines this for functions which it implements
|     to always fail with ENOSYS.  Some functions are actually named
|     something starting with __ and the normal name is an alias.  */
| #if defined __stub_gai_strerror || defined __stub___gai_strerror
| choke me
| #endif
| 
| int
| main ()
| {
| return gai_strerror ();
|   ;
|   return 0;
| }
configure:3766: result: no
configure:3766: checking for gethostent
configure:3766: C:\ghcup\ghc\9247AD~1.5\lib\../mingw/bin\gcc.exe -o conftest.exe    conftest.c  >&5
C://ghcup//ghc//9247AD~1.5//mingw//bin/ld.exe: C:\Users\luism\AppData\Local\Temp\ccqmfCO2.o:conftest.c:(.text+0xe): undefined reference to `gethostent'
collect2.exe: error: ld returned 1 exit status
configure:3766: $? = 1
configure: failed program was:
| /* confdefs.h */
| #define PACKAGE_NAME "Haskell network package"
| #define PACKAGE_TARNAME "network"
| #define PACKAGE_VERSION "3.1.2.9"
| #define PACKAGE_STRING "Haskell network package 3.1.2.9"
| #define PACKAGE_BUGREPORT "libraries@haskell.org"
| #define PACKAGE_URL ""
| #define STDC_HEADERS 1
| #define HAVE_SYS_TYPES_H 1
| #define HAVE_SYS_STAT_H 1
| #define HAVE_STDLIB_H 1
| #define HAVE_STRING_H 1
| #define HAVE_MEMORY_H 1
| #define HAVE_STRINGS_H 1
| #define HAVE_INTTYPES_H 1
| #define HAVE_STDINT_H 1
| #define HAVE_UNISTD_H 1
| #define HAVE_LIMITS_H 1
| #define HAVE_STDLIB_H 1
| #define HAVE_UNISTD_H 1
| #define HAVE_SYS_TYPES_H 1
| #define HAVE_FCNTL_H 1
| #define HAVE_NETIOAPI_H 1
| /* end confdefs.h.  */
| /* Define gethostent to an innocuous variant, in case <limits.h> declares gethostent.
|    For example, HP-UX 11i <limits.h> declares gettimeofday.  */
| #define gethostent innocuous_gethostent
| 
| /* System header to define __stub macros and hopefully few prototypes,
|     which can conflict with char gethostent (); below.
|     Prefer <limits.h> to <assert.h> if __STDC__ is defined, since
|     <limits.h> exists even on freestanding compilers.  */
| 
| #ifdef __STDC__
| # include <limits.h>
| #else
| # include <assert.h>
| #endif
| 
| #undef gethostent
| 
| /* Override any GCC internal prototype to avoid an error.
|    Use char because int might match the return type of a GCC
|    builtin and then its argument prototype would still apply.  */
| #ifdef __cplusplus
| extern "C"
| #endif
| char gethostent ();
| /* The GNU C library defines this for functions which it implements
|     to always fail with ENOSYS.  Some functions are actually named
|     something starting with __ and the normal name is an alias.  */
| #if defined __stub_gethostent || defined __stub___gethostent
| choke me
| #endif
| 
| int
| main ()
| {
| return gethostent ();
|   ;
|   return 0;
| }
configure:3766: result: no
configure:3766: checking for accept4
configure:3766: C:\ghcup\ghc\9247AD~1.5\lib\../mingw/bin\gcc.exe -o conftest.exe    conftest.c  >&5
C://ghcup//ghc//9247AD~1.5//mingw//bin/ld.exe: C:\Users\luism\AppData\Local\Temp\ccwvkMUd.o:conftest.c:(.text+0xe): undefined reference to `accept4'
collect2.exe: error: ld returned 1 exit status
configure:3766: $? = 1
configure: failed program was:
| /* confdefs.h */
| #define PACKAGE_NAME "Haskell network package"
| #define PACKAGE_TARNAME "network"
| #define PACKAGE_VERSION "3.1.2.9"
| #define PACKAGE_STRING "Haskell network package 3.1.2.9"
| #define PACKAGE_BUGREPORT "libraries@haskell.org"
| #define PACKAGE_URL ""
| #define STDC_HEADERS 1
| #define HAVE_SYS_TYPES_H 1
| #define HAVE_SYS_STAT_H 1
| #define HAVE_STDLIB_H 1
| #define HAVE_STRING_H 1
| #define HAVE_MEMORY_H 1
| #define HAVE_STRINGS_H 1
| #define HAVE_INTTYPES_H 1
| #define HAVE_STDINT_H 1
| #define HAVE_UNISTD_H 1
| #define HAVE_LIMITS_H 1
| #define HAVE_STDLIB_H 1
| #define HAVE_UNISTD_H 1
| #define HAVE_SYS_TYPES_H 1
| #define HAVE_FCNTL_H 1
| #define HAVE_NETIOAPI_H 1
| /* end confdefs.h.  */
| /* Define accept4 to an innocuous variant, in case <limits.h> declares accept4.
|    For example, HP-UX 11i <limits.h> declares gettimeofday.  */
| #define accept4 innocuous_accept4
| 
| /* System header to define __stub macros and hopefully few prototypes,
|     which can conflict with char accept4 (); below.
|     Prefer <limits.h> to <assert.h> if __STDC__ is defined, since
|     <limits.h> exists even on freestanding compilers.  */
| 
| #ifdef __STDC__
| # include <limits.h>
| #else
| # include <assert.h>
| #endif
| 
| #undef accept4
| 
| /* Override any GCC internal prototype to avoid an error.
|    Use char because int might match the return type of a GCC
|    builtin and then its argument prototype would still apply.  */
| #ifdef __cplusplus
| extern "C"
| #endif
| char accept4 ();
| /* The GNU C library defines this for functions which it implements
|     to always fail with ENOSYS.  Some functions are actually named
|     something starting with __ and the normal name is an alias.  */
| #if defined __stub_accept4 || defined __stub___accept4
| choke me
| #endif
| 
| int
| main ()
| {
| return accept4 ();
|   ;
|   return 0;
| }
configure:3766: result: no
configure:3777: checking for getpeereid
configure:3777: C:\ghcup\ghc\9247AD~1.5\lib\../mingw/bin\gcc.exe -o conftest.exe    conftest.c  >&5
C://ghcup//ghc//9247AD~1.5//mingw//bin/ld.exe: C:\Users\luism\AppData\Local\Temp\ccQCRPvP.o:conftest.c:(.text+0xe): undefined reference to `getpeereid'
collect2.exe: error: ld returned 1 exit status
configure:3777: $? = 1
configure: failed program was:
| /* confdefs.h */
| #define PACKAGE_NAME "Haskell network package"
| #define PACKAGE_TARNAME "network"
| #define PACKAGE_VERSION "3.1.2.9"
| #define PACKAGE_STRING "Haskell network package 3.1.2.9"
| #define PACKAGE_BUGREPORT "libraries@haskell.org"
| #define PACKAGE_URL ""
| #define STDC_HEADERS 1
| #define HAVE_SYS_TYPES_H 1
| #define HAVE_SYS_STAT_H 1
| #define HAVE_STDLIB_H 1
| #define HAVE_STRING_H 1
| #define HAVE_MEMORY_H 1
| #define HAVE_STRINGS_H 1
| #define HAVE_INTTYPES_H 1
| #define HAVE_STDINT_H 1
| #define HAVE_UNISTD_H 1
| #define HAVE_LIMITS_H 1
| #define HAVE_STDLIB_H 1
| #define HAVE_UNISTD_H 1
| #define HAVE_SYS_TYPES_H 1
| #define HAVE_FCNTL_H 1
| #define HAVE_NETIOAPI_H 1
| /* end confdefs.h.  */
| /* Define getpeereid to an innocuous variant, in case <limits.h> declares getpeereid.
|    For example, HP-UX 11i <limits.h> declares gettimeofday.  */
| #define getpeereid innocuous_getpeereid
| 
| /* System header to define __stub macros and hopefully few prototypes,
|     which can conflict with char getpeereid (); below.
|     Prefer <limits.h> to <assert.h> if __STDC__ is defined, since
|     <limits.h> exists even on freestanding compilers.  */
| 
| #ifdef __STDC__
| # include <limits.h>
| #else
| # include <assert.h>
| #endif
| 
| #undef getpeereid
| 
| /* Override any GCC internal prototype to avoid an error.
|    Use char because int might match the return type of a GCC
|    builtin and then its argument prototype would still apply.  */
| #ifdef __cplusplus
| extern "C"
| #endif
| char getpeereid ();
| /* The GNU C library defines this for functions which it implements
|     to always fail with ENOSYS.  Some functions are actually named
|     something starting with __ and the normal name is an alias.  */
| #if defined __stub_getpeereid || defined __stub___getpeereid
| choke me
| #endif
| 
| int
| main ()
| {
| return getpeereid ();
|   ;
|   return 0;
| }
configure:3777: result: no
configure:3787: checking whether AI_ADDRCONFIG is declared
configure:3787: C:\ghcup\ghc\9247AD~1.5\lib\../mingw/bin\gcc.exe -c   conftest.c >&5
configure:3787: $? = 0
configure:3787: result: yes
configure:3797: checking whether AI_ALL is declared
configure:3797: C:\ghcup\ghc\9247AD~1.5\lib\../mingw/bin\gcc.exe -c   conftest.c >&5
configure:3797: $? = 0
configure:3797: result: yes
configure:3807: checking whether AI_NUMERICSERV is declared
configure:3807: C:\ghcup\ghc\9247AD~1.5\lib\../mingw/bin\gcc.exe -c   conftest.c >&5
configure:3807: $? = 0
configure:3807: result: yes
configure:3817: checking whether AI_V4MAPPED is declared
configure:3817: C:\ghcup\ghc\9247AD~1.5\lib\../mingw/bin\gcc.exe -c   conftest.c >&5
configure:3817: $? = 0
configure:3817: result: yes
configure:3828: checking whether IPV6_V6ONLY is declared
configure:3828: C:\ghcup\ghc\9247AD~1.5\lib\../mingw/bin\gcc.exe -c   conftest.c >&5
configure:3828: $? = 0
configure:3828: result: yes
configure:3839: checking whether IPPROTO_IP is declared
configure:3839: C:\ghcup\ghc\9247AD~1.5\lib\../mingw/bin\gcc.exe -c   conftest.c >&5
configure:3839: $? = 0
configure:3839: result: yes
configure:3849: checking whether IPPROTO_TCP is declared
configure:3849: C:\ghcup\ghc\9247AD~1.5\lib\../mingw/bin\gcc.exe -c   conftest.c >&5
configure:3849: $? = 0
configure:3849: result: yes
configure:3859: checking whether IPPROTO_IPV6 is declared
configure:3859: C:\ghcup\ghc\9247AD~1.5\lib\../mingw/bin\gcc.exe -c   conftest.c >&5
configure:3859: $? = 0
configure:3859: result: yes
configure:3870: checking whether SO_PEERCRED is declared
configure:3870: C:\ghcup\ghc\9247AD~1.5\lib\../mingw/bin\gcc.exe -c   conftest.c >&5
conftest.c: In function 'main':
conftest.c:126:10: error: 'SO_PEERCRED' undeclared (first use in this function)
  126 |   (void) SO_PEERCRED;
      |          ^~~~~~~~~~~
conftest.c:126:10: note: each undeclared identifier is reported only once for each function it appears in
configure:3870: $? = 1
configure: failed program was:
| /* confdefs.h */
| #define PACKAGE_NAME "Haskell network package"
| #define PACKAGE_TARNAME "network"
| #define PACKAGE_VERSION "3.1.2.9"
| #define PACKAGE_STRING "Haskell network package 3.1.2.9"
| #define PACKAGE_BUGREPORT "libraries@haskell.org"
| #define PACKAGE_URL ""
| #define STDC_HEADERS 1
| #define HAVE_SYS_TYPES_H 1
| #define HAVE_SYS_STAT_H 1
| #define HAVE_STDLIB_H 1
| #define HAVE_STRING_H 1
| #define HAVE_MEMORY_H 1
| #define HAVE_STRINGS_H 1
| #define HAVE_INTTYPES_H 1
| #define HAVE_STDINT_H 1
| #define HAVE_UNISTD_H 1
| #define HAVE_LIMITS_H 1
| #define HAVE_STDLIB_H 1
| #define HAVE_UNISTD_H 1
| #define HAVE_SYS_TYPES_H 1
| #define HAVE_FCNTL_H 1
| #define HAVE_NETIOAPI_H 1
| #define HAVE_DECL_AI_ADDRCONFIG 1
| #define HAVE_DECL_AI_ALL 1
| #define HAVE_DECL_AI_NUMERICSERV 1
| #define HAVE_DECL_AI_V4MAPPED 1
| #define HAVE_DECL_IPV6_V6ONLY 1
| #define HAVE_DECL_IPPROTO_IP 1
| #define HAVE_DECL_IPPROTO_TCP 1
| #define HAVE_DECL_IPPROTO_IPV6 1
| /* end confdefs.h.  */
| #ifndef _WIN32
| # define _GNU_SOURCE 1  /* for struct ucred on Linux */
| #endif
| #include <stdio.h>
| #ifdef HAVE_SYS_TYPES_H
| # include <sys/types.h>
| #endif
| #ifdef HAVE_SYS_STAT_H
| # include <sys/stat.h>
| #endif
| #ifdef STDC_HEADERS
| # include <stdlib.h>
| # include <stddef.h>
| #else
| # ifdef HAVE_STDLIB_H
| #  include <stdlib.h>
| # endif
| #endif
| #ifdef HAVE_STRING_H
| # if !defined STDC_HEADERS && defined HAVE_MEMORY_H
| #  include <memory.h>
| # endif
| # include <string.h>
| #endif
| #ifdef HAVE_STRINGS_H
| # include <strings.h>
| #endif
| #ifdef HAVE_INTTYPES_H
| # include <inttypes.h>
| #endif
| #ifdef HAVE_STDINT_H
| # include <stdint.h>
| #endif
| #ifdef HAVE_UNISTD_H
| # include <unistd.h>
| #endif
| 
| #ifdef _WIN32
| # include <winsock2.h>
| # include <ws2tcpip.h>
| # define IPV6_V6ONLY 27
| #endif
| 
| #ifdef HAVE_LIMITS_H
| # include <limits.h>
| #endif
| #ifdef HAVE_STDLIB_H
| # include <stdlib.h>
| #endif
| #ifdef HAVE_UNISTD_H
| #include <unistd.h>
| #endif
| #ifdef HAVE_SYS_TYPES_H
| # include <sys/types.h>
| #endif
| #ifdef HAVE_FCNTL_H
| # include <fcntl.h>
| #endif
| #ifdef HAVE_SYS_UIO_H
| # include <sys/uio.h>
| #endif
| #ifdef HAVE_SYS_SOCKET_H
| # include <sys/socket.h>
| #endif
| #ifdef HAVE_NETINET_IN_H
| # include <netinet/in.h>
| #endif
| #ifdef HAVE_NETINET_TCP_H
| # include <netinet/tcp.h>
| #endif
| #ifdef HAVE_SYS_UN_H
| # include <sys/un.h>
| #endif
| #ifdef HAVE_ARPA_INET_H
| # include <arpa/inet.h>
| #endif
| #ifdef HAVE_NETDB_H
| #include <netdb.h>
| #endif
| #ifdef HAVE_NET_IF_H
| # include <net/if.h>
| #endif
| #ifdef HAVE_NETIOAPI_H
| # include <netioapi.h>
| #endif
| 
| int
| main ()
| {
| #ifndef SO_PEERCRED
| #ifdef __cplusplus
|   (void) SO_PEERCRED;
| #else
|   (void) SO_PEERCRED;
| #endif
| #endif
| 
|   ;
|   return 0;
| }
configure:3870: result: no
configure:3882: checking for struct msghdr.msg_control
configure:3882: C:\ghcup\ghc\9247AD~1.5\lib\../mingw/bin\gcc.exe -c   conftest.c >&5
conftest.c: In function 'main':
conftest.c:123:22: error: storage size of 'ac_aggr' isn't known
  123 | static struct msghdr ac_aggr;
      |                      ^~~~~~~
configure:3882: $? = 1
configure: failed program was:
| /* confdefs.h */
| #define PACKAGE_NAME "Haskell network package"
| #define PACKAGE_TARNAME "network"
| #define PACKAGE_VERSION "3.1.2.9"
| #define PACKAGE_STRING "Haskell network package 3.1.2.9"
| #define PACKAGE_BUGREPORT "libraries@haskell.org"
| #define PACKAGE_URL ""
| #define STDC_HEADERS 1
| #define HAVE_SYS_TYPES_H 1
| #define HAVE_SYS_STAT_H 1
| #define HAVE_STDLIB_H 1
| #define HAVE_STRING_H 1
| #define HAVE_MEMORY_H 1
| #define HAVE_STRINGS_H 1
| #define HAVE_INTTYPES_H 1
| #define HAVE_STDINT_H 1
| #define HAVE_UNISTD_H 1
| #define HAVE_LIMITS_H 1
| #define HAVE_STDLIB_H 1
| #define HAVE_UNISTD_H 1
| #define HAVE_SYS_TYPES_H 1
| #define HAVE_FCNTL_H 1
| #define HAVE_NETIOAPI_H 1
| #define HAVE_DECL_AI_ADDRCONFIG 1
| #define HAVE_DECL_AI_ALL 1
| #define HAVE_DECL_AI_NUMERICSERV 1
| #define HAVE_DECL_AI_V4MAPPED 1
| #define HAVE_DECL_IPV6_V6ONLY 1
| #define HAVE_DECL_IPPROTO_IP 1
| #define HAVE_DECL_IPPROTO_TCP 1
| #define HAVE_DECL_IPPROTO_IPV6 1
| #define HAVE_DECL_SO_PEERCRED 0
| /* end confdefs.h.  */
| #ifndef _WIN32
| # define _GNU_SOURCE 1  /* for struct ucred on Linux */
| #endif
| #include <stdio.h>
| #ifdef HAVE_SYS_TYPES_H
| # include <sys/types.h>
| #endif
| #ifdef HAVE_SYS_STAT_H
| # include <sys/stat.h>
| #endif
| #ifdef STDC_HEADERS
| # include <stdlib.h>
| # include <stddef.h>
| #else
| # ifdef HAVE_STDLIB_H
| #  include <stdlib.h>
| # endif
| #endif
| #ifdef HAVE_STRING_H
| # if !defined STDC_HEADERS && defined HAVE_MEMORY_H
| #  include <memory.h>
| # endif
| # include <string.h>
| #endif
| #ifdef HAVE_STRINGS_H
| # include <strings.h>
| #endif
| #ifdef HAVE_INTTYPES_H
| # include <inttypes.h>
| #endif
| #ifdef HAVE_STDINT_H
| # include <stdint.h>
| #endif
| #ifdef HAVE_UNISTD_H
| # include <unistd.h>
| #endif
| 
| #ifdef _WIN32
| # include <winsock2.h>
| # include <ws2tcpip.h>
| # define IPV6_V6ONLY 27
| #endif
| 
| #ifdef HAVE_LIMITS_H
| # include <limits.h>
| #endif
| #ifdef HAVE_STDLIB_H
| # include <stdlib.h>
| #endif
| #ifdef HAVE_UNISTD_H
| #include <unistd.h>
| #endif
| #ifdef HAVE_SYS_TYPES_H
| # include <sys/types.h>
| #endif
| #ifdef HAVE_FCNTL_H
| # include <fcntl.h>
| #endif
| #ifdef HAVE_SYS_UIO_H
| # include <sys/uio.h>
| #endif
| #ifdef HAVE_SYS_SOCKET_H
| # include <sys/socket.h>
| #endif
| #ifdef HAVE_NETINET_IN_H
| # include <netinet/in.h>
| #endif
| #ifdef HAVE_NETINET_TCP_H
| # include <netinet/tcp.h>
| #endif
| #ifdef HAVE_SYS_UN_H
| # include <sys/un.h>
| #endif
| #ifdef HAVE_ARPA_INET_H
| # include <arpa/inet.h>
| #endif
| #ifdef HAVE_NETDB_H
| #include <netdb.h>
| #endif
| #ifdef HAVE_NET_IF_H
| # include <net/if.h>
| #endif
| #ifdef HAVE_NETIOAPI_H
| # include <netioapi.h>
| #endif
| 
| int
| main ()
| {
| static struct msghdr ac_aggr;
| if (ac_aggr.msg_control)
| return 0;
|   ;
|   return 0;
| }
configure:3882: C:\ghcup\ghc\9247AD~1.5\lib\../mingw/bin\gcc.exe -c   conftest.c >&5
conftest.c: In function 'main':
conftest.c:123:22: error: storage size of 'ac_aggr' isn't known
  123 | static struct msghdr ac_aggr;
      |                      ^~~~~~~
configure:3882: $? = 1
configure: failed program was:
| /* confdefs.h */
| #define PACKAGE_NAME "Haskell network package"
| #define PACKAGE_TARNAME "network"
| #define PACKAGE_VERSION "3.1.2.9"
| #define PACKAGE_STRING "Haskell network package 3.1.2.9"
| #define PACKAGE_BUGREPORT "libraries@haskell.org"
| #define PACKAGE_URL ""
| #define STDC_HEADERS 1
| #define HAVE_SYS_TYPES_H 1
| #define HAVE_SYS_STAT_H 1
| #define HAVE_STDLIB_H 1
| #define HAVE_STRING_H 1
| #define HAVE_MEMORY_H 1
| #define HAVE_STRINGS_H 1
| #define HAVE_INTTYPES_H 1
| #define HAVE_STDINT_H 1
| #define HAVE_UNISTD_H 1
| #define HAVE_LIMITS_H 1
| #define HAVE_STDLIB_H 1
| #define HAVE_UNISTD_H 1
| #define HAVE_SYS_TYPES_H 1
| #define HAVE_FCNTL_H 1
| #define HAVE_NETIOAPI_H 1
| #define HAVE_DECL_AI_ADDRCONFIG 1
| #define HAVE_DECL_AI_ALL 1
| #define HAVE_DECL_AI_NUMERICSERV 1
| #define HAVE_DECL_AI_V4MAPPED 1
| #define HAVE_DECL_IPV6_V6ONLY 1
| #define HAVE_DECL_IPPROTO_IP 1
| #define HAVE_DECL_IPPROTO_TCP 1
| #define HAVE_DECL_IPPROTO_IPV6 1
| #define HAVE_DECL_SO_PEERCRED 0
| /* end confdefs.h.  */
| #ifndef _WIN32
| # define _GNU_SOURCE 1  /* for struct ucred on Linux */
| #endif
| #include <stdio.h>
| #ifdef HAVE_SYS_TYPES_H
| # include <sys/types.h>
| #endif
| #ifdef HAVE_SYS_STAT_H
| # include <sys/stat.h>
| #endif
| #ifdef STDC_HEADERS
| # include <stdlib.h>
| # include <stddef.h>
| #else
| # ifdef HAVE_STDLIB_H
| #  include <stdlib.h>
| # endif
| #endif
| #ifdef HAVE_STRING_H
| # if !defined STDC_HEADERS && defined HAVE_MEMORY_H
| #  include <memory.h>
| # endif
| # include <string.h>
| #endif
| #ifdef HAVE_STRINGS_H
| # include <strings.h>
| #endif
| #ifdef HAVE_INTTYPES_H
| # include <inttypes.h>
| #endif
| #ifdef HAVE_STDINT_H
| # include <stdint.h>
| #endif
| #ifdef HAVE_UNISTD_H
| # include <unistd.h>
| #endif
| 
| #ifdef _WIN32
| # include <winsock2.h>
| # include <ws2tcpip.h>
| # define IPV6_V6ONLY 27
| #endif
| 
| #ifdef HAVE_LIMITS_H
| # include <limits.h>
| #endif
| #ifdef HAVE_STDLIB_H
| # include <stdlib.h>
| #endif
| #ifdef HAVE_UNISTD_H
| #include <unistd.h>
| #endif
| #ifdef HAVE_SYS_TYPES_H
| # include <sys/types.h>
| #endif
| #ifdef HAVE_FCNTL_H
| # include <fcntl.h>
| #endif
| #ifdef HAVE_SYS_UIO_H
| # include <sys/uio.h>
| #endif
| #ifdef HAVE_SYS_SOCKET_H
| # include <sys/socket.h>
| #endif
| #ifdef HAVE_NETINET_IN_H
| # include <netinet/in.h>
| #endif
| #ifdef HAVE_NETINET_TCP_H
| # include <netinet/tcp.h>
| #endif
| #ifdef HAVE_SYS_UN_H
| # include <sys/un.h>
| #endif
| #ifdef HAVE_ARPA_INET_H
| # include <arpa/inet.h>
| #endif
| #ifdef HAVE_NETDB_H
| #include <netdb.h>
| #endif
| #ifdef HAVE_NET_IF_H
| # include <net/if.h>
| #endif
| #ifdef HAVE_NETIOAPI_H
| # include <netioapi.h>
| #endif
| 
| int
| main ()
| {
| static struct msghdr ac_aggr;
| if (sizeof ac_aggr.msg_control)
| return 0;
|   ;
|   return 0;
| }
configure:3882: result: no
configure:3891: checking for struct msghdr.msg_accrights
configure:3891: C:\ghcup\ghc\9247AD~1.5\lib\../mingw/bin\gcc.exe -c   conftest.c >&5
conftest.c: In function 'main':
conftest.c:123:22: error: storage size of 'ac_aggr' isn't known
  123 | static struct msghdr ac_aggr;
      |                      ^~~~~~~
configure:3891: $? = 1
configure: failed program was:
| /* confdefs.h */
| #define PACKAGE_NAME "Haskell network package"
| #define PACKAGE_TARNAME "network"
| #define PACKAGE_VERSION "3.1.2.9"
| #define PACKAGE_STRING "Haskell network package 3.1.2.9"
| #define PACKAGE_BUGREPORT "libraries@haskell.org"
| #define PACKAGE_URL ""
| #define STDC_HEADERS 1
| #define HAVE_SYS_TYPES_H 1
| #define HAVE_SYS_STAT_H 1
| #define HAVE_STDLIB_H 1
| #define HAVE_STRING_H 1
| #define HAVE_MEMORY_H 1
| #define HAVE_STRINGS_H 1
| #define HAVE_INTTYPES_H 1
| #define HAVE_STDINT_H 1
| #define HAVE_UNISTD_H 1
| #define HAVE_LIMITS_H 1
| #define HAVE_STDLIB_H 1
| #define HAVE_UNISTD_H 1
| #define HAVE_SYS_TYPES_H 1
| #define HAVE_FCNTL_H 1
| #define HAVE_NETIOAPI_H 1
| #define HAVE_DECL_AI_ADDRCONFIG 1
| #define HAVE_DECL_AI_ALL 1
| #define HAVE_DECL_AI_NUMERICSERV 1
| #define HAVE_DECL_AI_V4MAPPED 1
| #define HAVE_DECL_IPV6_V6ONLY 1
| #define HAVE_DECL_IPPROTO_IP 1
| #define HAVE_DECL_IPPROTO_TCP 1
| #define HAVE_DECL_IPPROTO_IPV6 1
| #define HAVE_DECL_SO_PEERCRED 0
| /* end confdefs.h.  */
| #ifndef _WIN32
| # define _GNU_SOURCE 1  /* for struct ucred on Linux */
| #endif
| #include <stdio.h>
| #ifdef HAVE_SYS_TYPES_H
| # include <sys/types.h>
| #endif
| #ifdef HAVE_SYS_STAT_H
| # include <sys/stat.h>
| #endif
| #ifdef STDC_HEADERS
| # include <stdlib.h>
| # include <stddef.h>
| #else
| # ifdef HAVE_STDLIB_H
| #  include <stdlib.h>
| # endif
| #endif
| #ifdef HAVE_STRING_H
| # if !defined STDC_HEADERS && defined HAVE_MEMORY_H
| #  include <memory.h>
| # endif
| # include <string.h>
| #endif
| #ifdef HAVE_STRINGS_H
| # include <strings.h>
| #endif
| #ifdef HAVE_INTTYPES_H
| # include <inttypes.h>
| #endif
| #ifdef HAVE_STDINT_H
| # include <stdint.h>
| #endif
| #ifdef HAVE_UNISTD_H
| # include <unistd.h>
| #endif
| 
| #ifdef _WIN32
| # include <winsock2.h>
| # include <ws2tcpip.h>
| # define IPV6_V6ONLY 27
| #endif
| 
| #ifdef HAVE_LIMITS_H
| # include <limits.h>
| #endif
| #ifdef HAVE_STDLIB_H
| # include <stdlib.h>
| #endif
| #ifdef HAVE_UNISTD_H
| #include <unistd.h>
| #endif
| #ifdef HAVE_SYS_TYPES_H
| # include <sys/types.h>
| #endif
| #ifdef HAVE_FCNTL_H
| # include <fcntl.h>
| #endif
| #ifdef HAVE_SYS_UIO_H
| # include <sys/uio.h>
| #endif
| #ifdef HAVE_SYS_SOCKET_H
| # include <sys/socket.h>
| #endif
| #ifdef HAVE_NETINET_IN_H
| # include <netinet/in.h>
| #endif
| #ifdef HAVE_NETINET_TCP_H
| # include <netinet/tcp.h>
| #endif
| #ifdef HAVE_SYS_UN_H
| # include <sys/un.h>
| #endif
| #ifdef HAVE_ARPA_INET_H
| # include <arpa/inet.h>
| #endif
| #ifdef HAVE_NETDB_H
| #include <netdb.h>
| #endif
| #ifdef HAVE_NET_IF_H
| # include <net/if.h>
| #endif
| #ifdef HAVE_NETIOAPI_H
| # include <netioapi.h>
| #endif
| 
| int
| main ()
| {
| static struct msghdr ac_aggr;
| if (ac_aggr.msg_accrights)
| return 0;
|   ;
|   return 0;
| }
configure:3891: C:\ghcup\ghc\9247AD~1.5\lib\../mingw/bin\gcc.exe -c   conftest.c >&5
conftest.c: In function 'main':
conftest.c:123:22: error: storage size of 'ac_aggr' isn't known
  123 | static struct msghdr ac_aggr;
      |                      ^~~~~~~
configure:3891: $? = 1
configure: failed program was:
| /* confdefs.h */
| #define PACKAGE_NAME "Haskell network package"
| #define PACKAGE_TARNAME "network"
| #define PACKAGE_VERSION "3.1.2.9"
| #define PACKAGE_STRING "Haskell network package 3.1.2.9"
| #define PACKAGE_BUGREPORT "libraries@haskell.org"
| #define PACKAGE_URL ""
| #define STDC_HEADERS 1
| #define HAVE_SYS_TYPES_H 1
| #define HAVE_SYS_STAT_H 1
| #define HAVE_STDLIB_H 1
| #define HAVE_STRING_H 1
| #define HAVE_MEMORY_H 1
| #define HAVE_STRINGS_H 1
| #define HAVE_INTTYPES_H 1
| #define HAVE_STDINT_H 1
| #define HAVE_UNISTD_H 1
| #define HAVE_LIMITS_H 1
| #define HAVE_STDLIB_H 1
| #define HAVE_UNISTD_H 1
| #define HAVE_SYS_TYPES_H 1
| #define HAVE_FCNTL_H 1
| #define HAVE_NETIOAPI_H 1
| #define HAVE_DECL_AI_ADDRCONFIG 1
| #define HAVE_DECL_AI_ALL 1
| #define HAVE_DECL_AI_NUMERICSERV 1
| #define HAVE_DECL_AI_V4MAPPED 1
| #define HAVE_DECL_IPV6_V6ONLY 1
| #define HAVE_DECL_IPPROTO_IP 1
| #define HAVE_DECL_IPPROTO_TCP 1
| #define HAVE_DECL_IPPROTO_IPV6 1
| #define HAVE_DECL_SO_PEERCRED 0
| /* end confdefs.h.  */
| #ifndef _WIN32
| # define _GNU_SOURCE 1  /* for struct ucred on Linux */
| #endif
| #include <stdio.h>
| #ifdef HAVE_SYS_TYPES_H
| # include <sys/types.h>
| #endif
| #ifdef HAVE_SYS_STAT_H
| # include <sys/stat.h>
| #endif
| #ifdef STDC_HEADERS
| # include <stdlib.h>
| # include <stddef.h>
| #else
| # ifdef HAVE_STDLIB_H
| #  include <stdlib.h>
| # endif
| #endif
| #ifdef HAVE_STRING_H
| # if !defined STDC_HEADERS && defined HAVE_MEMORY_H
| #  include <memory.h>
| # endif
| # include <string.h>
| #endif
| #ifdef HAVE_STRINGS_H
| # include <strings.h>
| #endif
| #ifdef HAVE_INTTYPES_H
| # include <inttypes.h>
| #endif
| #ifdef HAVE_STDINT_H
| # include <stdint.h>
| #endif
| #ifdef HAVE_UNISTD_H
| # include <unistd.h>
| #endif
| 
| #ifdef _WIN32
| # include <winsock2.h>
| # include <ws2tcpip.h>
| # define IPV6_V6ONLY 27
| #endif
| 
| #ifdef HAVE_LIMITS_H
| # include <limits.h>
| #endif
| #ifdef HAVE_STDLIB_H
| # include <stdlib.h>
| #endif
| #ifdef HAVE_UNISTD_H
| #include <unistd.h>
| #endif
| #ifdef HAVE_SYS_TYPES_H
| # include <sys/types.h>
| #endif
| #ifdef HAVE_FCNTL_H
| # include <fcntl.h>
| #endif
| #ifdef HAVE_SYS_UIO_H
| # include <sys/uio.h>
| #endif
| #ifdef HAVE_SYS_SOCKET_H
| # include <sys/socket.h>
| #endif
| #ifdef HAVE_NETINET_IN_H
| # include <netinet/in.h>
| #endif
| #ifdef HAVE_NETINET_TCP_H
| # include <netinet/tcp.h>
| #endif
| #ifdef HAVE_SYS_UN_H
| # include <sys/un.h>
| #endif
| #ifdef HAVE_ARPA_INET_H
| # include <arpa/inet.h>
| #endif
| #ifdef HAVE_NETDB_H
| #include <netdb.h>
| #endif
| #ifdef HAVE_NET_IF_H
| # include <net/if.h>
| #endif
| #ifdef HAVE_NETIOAPI_H
| # include <netioapi.h>
| #endif
| 
| int
| main ()
| {
| static struct msghdr ac_aggr;
| if (sizeof ac_aggr.msg_accrights)
| return 0;
|   ;
|   return 0;
| }
configure:3891: result: no
configure:3901: checking for struct sockaddr.sa_len
configure:3901: C:\ghcup\ghc\9247AD~1.5\lib\../mingw/bin\gcc.exe -c   conftest.c >&5
conftest.c: In function 'main':
conftest.c:124:12: error: 'struct sockaddr' has no member named 'sa_len'
  124 | if (ac_aggr.sa_len)
      |            ^
configure:3901: $? = 1
configure: failed program was:
| /* confdefs.h */
| #define PACKAGE_NAME "Haskell network package"
| #define PACKAGE_TARNAME "network"
| #define PACKAGE_VERSION "3.1.2.9"
| #define PACKAGE_STRING "Haskell network package 3.1.2.9"
| #define PACKAGE_BUGREPORT "libraries@haskell.org"
| #define PACKAGE_URL ""
| #define STDC_HEADERS 1
| #define HAVE_SYS_TYPES_H 1
| #define HAVE_SYS_STAT_H 1
| #define HAVE_STDLIB_H 1
| #define HAVE_STRING_H 1
| #define HAVE_MEMORY_H 1
| #define HAVE_STRINGS_H 1
| #define HAVE_INTTYPES_H 1
| #define HAVE_STDINT_H 1
| #define HAVE_UNISTD_H 1
| #define HAVE_LIMITS_H 1
| #define HAVE_STDLIB_H 1
| #define HAVE_UNISTD_H 1
| #define HAVE_SYS_TYPES_H 1
| #define HAVE_FCNTL_H 1
| #define HAVE_NETIOAPI_H 1
| #define HAVE_DECL_AI_ADDRCONFIG 1
| #define HAVE_DECL_AI_ALL 1
| #define HAVE_DECL_AI_NUMERICSERV 1
| #define HAVE_DECL_AI_V4MAPPED 1
| #define HAVE_DECL_IPV6_V6ONLY 1
| #define HAVE_DECL_IPPROTO_IP 1
| #define HAVE_DECL_IPPROTO_TCP 1
| #define HAVE_DECL_IPPROTO_IPV6 1
| #define HAVE_DECL_SO_PEERCRED 0
| /* end confdefs.h.  */
| #ifndef _WIN32
| # define _GNU_SOURCE 1  /* for struct ucred on Linux */
| #endif
| #include <stdio.h>
| #ifdef HAVE_SYS_TYPES_H
| # include <sys/types.h>
| #endif
| #ifdef HAVE_SYS_STAT_H
| # include <sys/stat.h>
| #endif
| #ifdef STDC_HEADERS
| # include <stdlib.h>
| # include <stddef.h>
| #else
| # ifdef HAVE_STDLIB_H
| #  include <stdlib.h>
| # endif
| #endif
| #ifdef HAVE_STRING_H
| # if !defined STDC_HEADERS && defined HAVE_MEMORY_H
| #  include <memory.h>
| # endif
| # include <string.h>
| #endif
| #ifdef HAVE_STRINGS_H
| # include <strings.h>
| #endif
| #ifdef HAVE_INTTYPES_H
| # include <inttypes.h>
| #endif
| #ifdef HAVE_STDINT_H
| # include <stdint.h>
| #endif
| #ifdef HAVE_UNISTD_H
| # include <unistd.h>
| #endif
| 
| #ifdef _WIN32
| # include <winsock2.h>
| # include <ws2tcpip.h>
| # define IPV6_V6ONLY 27
| #endif
| 
| #ifdef HAVE_LIMITS_H
| # include <limits.h>
| #endif
| #ifdef HAVE_STDLIB_H
| # include <stdlib.h>
| #endif
| #ifdef HAVE_UNISTD_H
| #include <unistd.h>
| #endif
| #ifdef HAVE_SYS_TYPES_H
| # include <sys/types.h>
| #endif
| #ifdef HAVE_FCNTL_H
| # include <fcntl.h>
| #endif
| #ifdef HAVE_SYS_UIO_H
| # include <sys/uio.h>
| #endif
| #ifdef HAVE_SYS_SOCKET_H
| # include <sys/socket.h>
| #endif
| #ifdef HAVE_NETINET_IN_H
| # include <netinet/in.h>
| #endif
| #ifdef HAVE_NETINET_TCP_H
| # include <netinet/tcp.h>
| #endif
| #ifdef HAVE_SYS_UN_H
| # include <sys/un.h>
| #endif
| #ifdef HAVE_ARPA_INET_H
| # include <arpa/inet.h>
| #endif
| #ifdef HAVE_NETDB_H
| #include <netdb.h>
| #endif
| #ifdef HAVE_NET_IF_H
| # include <net/if.h>
| #endif
| #ifdef HAVE_NETIOAPI_H
| # include <netioapi.h>
| #endif
| 
| int
| main ()
| {
| static struct sockaddr ac_aggr;
| if (ac_aggr.sa_len)
| return 0;
|   ;
|   return 0;
| }
configure:3901: C:\ghcup\ghc\9247AD~1.5\lib\../mingw/bin\gcc.exe -c   conftest.c >&5
conftest.c: In function 'main':
conftest.c:124:19: error: 'struct sockaddr' has no member named 'sa_len'
  124 | if (sizeof ac_aggr.sa_len)
      |                   ^
configure:3901: $? = 1
configure: failed program was:
| /* confdefs.h */
| #define PACKAGE_NAME "Haskell network package"
| #define PACKAGE_TARNAME "network"
| #define PACKAGE_VERSION "3.1.2.9"
| #define PACKAGE_STRING "Haskell network package 3.1.2.9"
| #define PACKAGE_BUGREPORT "libraries@haskell.org"
| #define PACKAGE_URL ""
| #define STDC_HEADERS 1
| #define HAVE_SYS_TYPES_H 1
| #define HAVE_SYS_STAT_H 1
| #define HAVE_STDLIB_H 1
| #define HAVE_STRING_H 1
| #define HAVE_MEMORY_H 1
| #define HAVE_STRINGS_H 1
| #define HAVE_INTTYPES_H 1
| #define HAVE_STDINT_H 1
| #define HAVE_UNISTD_H 1
| #define HAVE_LIMITS_H 1
| #define HAVE_STDLIB_H 1
| #define HAVE_UNISTD_H 1
| #define HAVE_SYS_TYPES_H 1
| #define HAVE_FCNTL_H 1
| #define HAVE_NETIOAPI_H 1
| #define HAVE_DECL_AI_ADDRCONFIG 1
| #define HAVE_DECL_AI_ALL 1
| #define HAVE_DECL_AI_NUMERICSERV 1
| #define HAVE_DECL_AI_V4MAPPED 1
| #define HAVE_DECL_IPV6_V6ONLY 1
| #define HAVE_DECL_IPPROTO_IP 1
| #define HAVE_DECL_IPPROTO_TCP 1
| #define HAVE_DECL_IPPROTO_IPV6 1
| #define HAVE_DECL_SO_PEERCRED 0
| /* end confdefs.h.  */
| #ifndef _WIN32
| # define _GNU_SOURCE 1  /* for struct ucred on Linux */
| #endif
| #include <stdio.h>
| #ifdef HAVE_SYS_TYPES_H
| # include <sys/types.h>
| #endif
| #ifdef HAVE_SYS_STAT_H
| # include <sys/stat.h>
| #endif
| #ifdef STDC_HEADERS
| # include <stdlib.h>
| # include <stddef.h>
| #else
| # ifdef HAVE_STDLIB_H
| #  include <stdlib.h>
| # endif
| #endif
| #ifdef HAVE_STRING_H
| # if !defined STDC_HEADERS && defined HAVE_MEMORY_H
| #  include <memory.h>
| # endif
| # include <string.h>
| #endif
| #ifdef HAVE_STRINGS_H
| # include <strings.h>
| #endif
| #ifdef HAVE_INTTYPES_H
| # include <inttypes.h>
| #endif
| #ifdef HAVE_STDINT_H
| # include <stdint.h>
| #endif
| #ifdef HAVE_UNISTD_H
| # include <unistd.h>
| #endif
| 
| #ifdef _WIN32
| # include <winsock2.h>
| # include <ws2tcpip.h>
| # define IPV6_V6ONLY 27
| #endif
| 
| #ifdef HAVE_LIMITS_H
| # include <limits.h>
| #endif
| #ifdef HAVE_STDLIB_H
| # include <stdlib.h>
| #endif
| #ifdef HAVE_UNISTD_H
| #include <unistd.h>
| #endif
| #ifdef HAVE_SYS_TYPES_H
| # include <sys/types.h>
| #endif
| #ifdef HAVE_FCNTL_H
| # include <fcntl.h>
| #endif
| #ifdef HAVE_SYS_UIO_H
| # include <sys/uio.h>
| #endif
| #ifdef HAVE_SYS_SOCKET_H
| # include <sys/socket.h>
| #endif
| #ifdef HAVE_NETINET_IN_H
| # include <netinet/in.h>
| #endif
| #ifdef HAVE_NETINET_TCP_H
| # include <netinet/tcp.h>
| #endif
| #ifdef HAVE_SYS_UN_H
| # include <sys/un.h>
| #endif
| #ifdef HAVE_ARPA_INET_H
| # include <arpa/inet.h>
| #endif
| #ifdef HAVE_NETDB_H
| #include <netdb.h>
| #endif
| #ifdef HAVE_NET_IF_H
| # include <net/if.h>
| #endif
| #ifdef HAVE_NETIOAPI_H
| # include <netioapi.h>
| #endif
| 
| int
| main ()
| {
| static struct sockaddr ac_aggr;
| if (sizeof ac_aggr.sa_len)
| return 0;
|   ;
|   return 0;
| }
configure:3901: result: no
configure:3912: creating ./network.buildinfo
configure:4022: creating ./config.status

## ---------------------- ##
## Running config.status. ##
## ---------------------- ##

This file was extended by Haskell network package config.status 3.1.2.9, which was
generated by GNU Autoconf 2.69.  Invocation command line was

  CONFIG_FILES    = 
  CONFIG_HEADERS  = 
  CONFIG_LINKS    = 
  CONFIG_COMMANDS = 
  $ ./config.status 

on LuismiLaptop

config.status:689: creating include/HsNetworkConfig.h
configure:4921: WARNING: unrecognized options: --with-compiler

## ---------------- ##
## Cache variables. ##
## ---------------- ##

ac_cv_build=x86_64-pc-msys
ac_cv_c_compiler_gnu=yes
ac_cv_c_const=yes
ac_cv_env_CC_set=set
ac_cv_env_CC_value='C:\ghcup\ghc\9247AD~1.5\lib\../mingw/bin\gcc.exe'
ac_cv_env_CFLAGS_set=set
ac_cv_env_CFLAGS_value=
ac_cv_env_CPPFLAGS_set=
ac_cv_env_CPPFLAGS_value=
ac_cv_env_CPP_set=
ac_cv_env_CPP_value=
ac_cv_env_LDFLAGS_set=
ac_cv_env_LDFLAGS_value=
ac_cv_env_LIBS_set=
ac_cv_env_LIBS_value=
ac_cv_env_build_alias_set=
ac_cv_env_build_alias_value=
ac_cv_env_host_alias_set=
ac_cv_env_host_alias_value=
ac_cv_env_target_alias_set=
ac_cv_env_target_alias_value=
ac_cv_exeext=.exe
ac_cv_func_accept4=no
ac_cv_func_gai_strerror=no
ac_cv_func_gethostent=no
ac_cv_func_getpeereid=no
ac_cv_have_decl_AI_ADDRCONFIG=yes
ac_cv_have_decl_AI_ALL=yes
ac_cv_have_decl_AI_NUMERICSERV=yes
ac_cv_have_decl_AI_V4MAPPED=yes
ac_cv_have_decl_IPPROTO_IP=yes
ac_cv_have_decl_IPPROTO_IPV6=yes
ac_cv_have_decl_IPPROTO_TCP=yes
ac_cv_have_decl_IPV6_V6ONLY=yes
ac_cv_have_decl_SO_PEERCRED=no
ac_cv_header_arpa_inet_h=no
ac_cv_header_fcntl_h=yes
ac_cv_header_inttypes_h=yes
ac_cv_header_limits_h=yes
ac_cv_header_memory_h=yes
ac_cv_header_net_if_h=no
ac_cv_header_netdb_h=no
ac_cv_header_netinet_in_h=no
ac_cv_header_netinet_tcp_h=no
ac_cv_header_netioapi_h=yes
ac_cv_header_stdc=yes
ac_cv_header_stdint_h=yes
ac_cv_header_stdlib_h=yes
ac_cv_header_string_h=yes
ac_cv_header_strings_h=yes
ac_cv_header_sys_socket_h=no
ac_cv_header_sys_stat_h=yes
ac_cv_header_sys_types_h=yes
ac_cv_header_sys_uio_h=no
ac_cv_header_sys_un_h=no
ac_cv_header_unistd_h=yes
ac_cv_host=x86_64-pc-msys
ac_cv_member_struct_msghdr_msg_accrights=no
ac_cv_member_struct_msghdr_msg_control=no
ac_cv_member_struct_sockaddr_sa_len=no
ac_cv_objext=o
ac_cv_path_EGREP='/usr/bin/grep -E'
ac_cv_path_GREP=/usr/bin/grep
ac_cv_prog_CPP='C:\ghcup\ghc\9247AD~1.5\lib\../mingw/bin\gcc.exe -E'
ac_cv_prog_ac_ct_CC='C:\ghcup\ghc\9247AD~1.5\lib\../mingw/bin\gcc.exe'
ac_cv_prog_cc_c89=
ac_cv_prog_cc_g=yes
ac_cv_type_struct_ucred=no

## ----------------- ##
## Output variables. ##
## ----------------- ##

CC='C:\ghcup\ghc\9247AD~1.5\lib\../mingw/bin\gcc.exe'
CFLAGS=''
CPP='C:\ghcup\ghc\9247AD~1.5\lib\../mingw/bin\gcc.exe -E'
CPPFLAGS=''
DEFS='-DHAVE_CONFIG_H'
ECHO_C=''
ECHO_N='-n'
ECHO_T=''
EGREP='/usr/bin/grep -E'
EXEEXT='.exe'
GREP='/usr/bin/grep'
LDFLAGS=''
LIBOBJS=''
LIBS=''
LTLIBOBJS=''
OBJEXT='o'
PACKAGE_BUGREPORT='libraries@haskell.org'
PACKAGE_NAME='Haskell network package'
PACKAGE_STRING='Haskell network package 3.1.2.9'
PACKAGE_TARNAME='network'
PACKAGE_URL=''
PACKAGE_VERSION='3.1.2.9'
PATH_SEPARATOR=':'
SHELL='/bin/sh'
ac_ct_CC='C:\ghcup\ghc\9247AD~1.5\lib\../mingw/bin\gcc.exe'
bindir='C:\cabal\store\ghc-9.2.5\network-3.1.2.9-70bb9a4424d3661ff77c4c04080ec87c8d7ac4cc\bin'
build='x86_64-pc-msys'
build_alias=''
build_cpu='x86_64'
build_os='msys'
build_vendor='pc'
datadir='C:\cabal\store\ghc-9.2.5\network-3.1.2.9-70bb9a4424d3661ff77c4c04080ec87c8d7ac4cc\share'
datarootdir='${prefix}/share'
docdir='${datarootdir}/doc/${PACKAGE_TARNAME}'
dvidir='${docdir}'
exec_prefix='${prefix}'
host='x86_64-pc-msys'
host_alias=''
host_cpu='x86_64'
host_os='msys'
host_vendor='pc'
htmldir='${docdir}'
includedir='${prefix}/include'
infodir='${datarootdir}/info'
libdir='C:\cabal\store\ghc-9.2.5\network-3.1.2.9-70bb9a4424d3661ff77c4c04080ec87c8d7ac4cc\lib'
libexecdir='C:\cabal\store\ghc-9.2.5\network-3.1.2.9-70bb9a4424d3661ff77c4c04080ec87c8d7ac4cc\libexec'
localedir='${datarootdir}/locale'
localstatedir='${prefix}/var'
mandir='${datarootdir}/man'
oldincludedir='/usr/include'
pdfdir='${docdir}'
prefix='C:\cabal\store\ghc-9.2.5\network-3.1.2.9-70bb9a4424d3661ff77c4c04080ec87c8d7ac4cc'
program_transform_name='s,x,x,'
psdir='${docdir}'
sbindir='${exec_prefix}/sbin'
sharedstatedir='${prefix}/com'
sysconfdir='C:\cabal\store\ghc-9.2.5\network-3.1.2.9-70bb9a4424d3661ff77c4c04080ec87c8d7ac4cc\etc'
target_alias=''

## ----------- ##
## confdefs.h. ##
## ----------- ##

/* confdefs.h */
#define PACKAGE_NAME "Haskell network package"
#define PACKAGE_TARNAME "network"
#define PACKAGE_VERSION "3.1.2.9"
#define PACKAGE_STRING "Haskell network package 3.1.2.9"
#define PACKAGE_BUGREPORT "libraries@haskell.org"
#define PACKAGE_URL ""
#define STDC_HEADERS 1
#define HAVE_SYS_TYPES_H 1
#define HAVE_SYS_STAT_H 1
#define HAVE_STDLIB_H 1
#define HAVE_STRING_H 1
#define HAVE_MEMORY_H 1
#define HAVE_STRINGS_H 1
#define HAVE_INTTYPES_H 1
#define HAVE_STDINT_H 1
#define HAVE_UNISTD_H 1
#define HAVE_LIMITS_H 1
#define HAVE_STDLIB_H 1
#define HAVE_UNISTD_H 1
#define HAVE_SYS_TYPES_H 1
#define HAVE_FCNTL_H 1
#define HAVE_NETIOAPI_H 1
#define HAVE_DECL_AI_ADDRCONFIG 1
#define HAVE_DECL_AI_ALL 1
#define HAVE_DECL_AI_NUMERICSERV 1
#define HAVE_DECL_AI_V4MAPPED 1
#define HAVE_DECL_IPV6_V6ONLY 1
#define HAVE_DECL_IPPROTO_IP 1
#define HAVE_DECL_IPPROTO_TCP 1
#define HAVE_DECL_IPPROTO_IPV6 1
#define HAVE_DECL_SO_PEERCRED 0

configure: exit 0
